==1607050== Memcheck, a memory error detector
==1607050== Copyright (C) 2002-2017, and GNU GPL'd, by Julian Seward et al.
==1607050== Using Valgrind-3.18.1-42b08ed5bd-20211015 and LibVEX; rerun with -h for copyright info
==1607050== Command: ./minishell
==1607050== Parent PID: 1606711
==1607050== 
--1607050-- 
--1607050-- Valgrind options:
--1607050--    --leak-check=full
--1607050--    --show-leak-kinds=all
--1607050--    --track-origins=yes
--1607050--    --verbose
--1607050--    --log-file=valgrind_detailed.log
--1607050-- Contents of /proc/version:
--1607050--   Linux version 5.15.0-139-generic (buildd@lcy02-amd64-029) (gcc (Ubuntu 11.4.0-1ubuntu1~22.04) 11.4.0, GNU ld (GNU Binutils for Ubuntu) 2.38) #149-Ubuntu SMP Fri Apr 11 22:06:13 UTC 2025
--1607050-- 
--1607050-- Arch and hwcaps: AMD64, LittleEndian, amd64-cx16-lzcnt-rdtscp-sse3-ssse3-avx-avx2-bmi-f16c-rdrand-rdseed
--1607050-- Page sizes: currently 4096, max supported 4096
--1607050-- Valgrind library directory: /usr/libexec/valgrind
--1607050-- Reading syms from /sgoinfre/goinfre/Perso/shutan/minishell/minishell
--1607050-- Reading syms from /usr/lib/x86_64-linux-gnu/ld-linux-x86-64.so.2
--1607050--   Considering /usr/lib/debug/.build-id/9c/b53985768bb99f138f48655f7b8bf7e420d13d.debug ..
--1607050--   .. build-id is valid
--1607050-- Reading syms from /usr/libexec/valgrind/memcheck-amd64-linux
--1607050--    object doesn't have a symbol table
--1607050--    object doesn't have a dynamic symbol table
--1607050-- Scheduler: using generic scheduler lock implementation.
--1607050-- Reading suppressions file: /usr/libexec/valgrind/default.supp
==1607050== embedded gdbserver: reading from /tmp/vgdb-pipe-from-vgdb-to-1607050-by-shutan-on-???
==1607050== embedded gdbserver: writing to   /tmp/vgdb-pipe-to-vgdb-from-1607050-by-shutan-on-???
==1607050== embedded gdbserver: shared mem   /tmp/vgdb-pipe-shared-mem-vgdb-1607050-by-shutan-on-???
==1607050== 
==1607050== TO CONTROL THIS PROCESS USING vgdb (which you probably
==1607050== don't want to do, unless you know exactly what you're doing,
==1607050== or are doing some strange experiment):
==1607050==   /usr/bin/vgdb --pid=1607050 ...command...
==1607050== 
==1607050== TO DEBUG THIS PROCESS USING GDB: start GDB like this
==1607050==   /path/to/gdb ./minishell
==1607050== and then give GDB the following command
==1607050==   target remote | /usr/bin/vgdb --pid=1607050
==1607050== --pid is optional if only one valgrind process is running
==1607050== 
--1607050-- REDIR: 0x402aa40 (ld-linux-x86-64.so.2:strlen) redirected to 0x580bcec2 (???)
--1607050-- REDIR: 0x402a810 (ld-linux-x86-64.so.2:index) redirected to 0x580bcedc (???)
--1607050-- Reading syms from /usr/libexec/valgrind/vgpreload_core-amd64-linux.so
--1607050--    object doesn't have a symbol table
--1607050-- Reading syms from /usr/libexec/valgrind/vgpreload_memcheck-amd64-linux.so
--1607050--    object doesn't have a symbol table
==1607050== WARNING: new redirection conflicts with existing -- ignoring it
--1607050--     old: 0x0402aa40 (strlen              ) R-> (0000.0) 0x580bcec2 ???
--1607050--     new: 0x0402aa40 (strlen              ) R-> (2007.0) 0x0484ee30 strlen
--1607050-- REDIR: 0x4027220 (ld-linux-x86-64.so.2:strcmp) redirected to 0x484fcd0 (strcmp)
--1607050-- REDIR: 0x402afa0 (ld-linux-x86-64.so.2:mempcpy) redirected to 0x4853840 (mempcpy)
--1607050-- Reading syms from /usr/lib/x86_64-linux-gnu/libreadline.so.8.1
--1607050--    object doesn't have a symbol table
--1607050-- Reading syms from /usr/lib/x86_64-linux-gnu/libc.so.6
--1607050--   Considering /usr/lib/debug/.build-id/d5/197096f709801829b118af1b7cf6631efa2dcd.debug ..
--1607050--   .. build-id is valid
==1607050== WARNING: new redirection conflicts with existing -- ignoring it
--1607050--     old: 0x0496ac60 (memalign            ) R-> (1011.0) 0x0484e080 memalign
--1607050--     new: 0x0496ac60 (memalign            ) R-> (1017.0) 0x0484e050 aligned_alloc
==1607050== WARNING: new redirection conflicts with existing -- ignoring it
--1607050--     old: 0x0496ac60 (memalign            ) R-> (1011.0) 0x0484e080 memalign
--1607050--     new: 0x0496ac60 (memalign            ) R-> (1017.0) 0x0484e020 aligned_alloc
==1607050== WARNING: new redirection conflicts with existing -- ignoring it
--1607050--     old: 0x0496ac60 (memalign            ) R-> (1011.0) 0x0484e080 memalign
--1607050--     new: 0x0496ac60 (memalign            ) R-> (1017.0) 0x0484e050 aligned_alloc
==1607050== WARNING: new redirection conflicts with existing -- ignoring it
--1607050--     old: 0x0496ac60 (memalign            ) R-> (1011.0) 0x0484e080 memalign
--1607050--     new: 0x0496ac60 (memalign            ) R-> (1017.0) 0x0484e020 aligned_alloc
--1607050-- Reading syms from /usr/lib/x86_64-linux-gnu/libtinfo.so.6.3
--1607050--    object doesn't have a symbol table
--1607050-- REDIR: 0x496d720 (libc.so.6:strnlen) redirected to 0x483f220 (_vgnU_ifunc_wrapper)
--1607050-- REDIR: 0x496d9e0 (libc.so.6:strpbrk) redirected to 0x483f220 (_vgnU_ifunc_wrapper)
--1607050-- REDIR: 0x496d2e0 (libc.so.6:strcmp) redirected to 0x483f220 (_vgnU_ifunc_wrapper)
--1607050-- REDIR: 0x498bcd0 (libc.so.6:wcsnlen) redirected to 0x483f220 (_vgnU_ifunc_wrapper)
--1607050-- REDIR: 0x496e6d0 (libc.so.6:memset) redirected to 0x483f220 (_vgnU_ifunc_wrapper)
--1607050-- REDIR: 0x498a540 (libc.so.6:wcslen) redirected to 0x483f220 (_vgnU_ifunc_wrapper)
--1607050-- REDIR: 0x496ec10 (libc.so.6:memcpy@@GLIBC_2.14) redirected to 0x483f220 (_vgnU_ifunc_wrapper)
--1607050-- REDIR: 0x498a370 (libc.so.6:wcschr) redirected to 0x483f220 (_vgnU_ifunc_wrapper)
--1607050-- REDIR: 0x496d260 (libc.so.6:index) redirected to 0x483f220 (_vgnU_ifunc_wrapper)
--1607050-- REDIR: 0x496d960 (libc.so.6:rindex) redirected to 0x483f220 (_vgnU_ifunc_wrapper)
--1607050-- REDIR: 0x496e5a0 (libc.so.6:memmove) redirected to 0x483f220 (_vgnU_ifunc_wrapper)
==1607050== Preferring higher priority redirection:
--1607050--     old: 0x04a657c0 (__memcpy_avx_unalign) R-> (2018.0) 0x04850f90 __memcpy_avx_unaligned_erms
--1607050--     new: 0x04a657c0 (__memcpy_avx_unalign) R-> (2018.1) 0x04852880 memmove
--1607050-- REDIR: 0x498a3f0 (libc.so.6:wcscmp) redirected to 0x483f220 (_vgnU_ifunc_wrapper)
--1607050-- REDIR: 0x496e9e0 (libc.so.6:stpncpy) redirected to 0x483f220 (_vgnU_ifunc_wrapper)
--1607050-- REDIR: 0x498a9b0 (libc.so.6:wmemchr) redirected to 0x483f220 (_vgnU_ifunc_wrapper)
--1607050-- REDIR: 0x496d830 (libc.so.6:strncmp) redirected to 0x483f220 (_vgnU_ifunc_wrapper)
--1607050-- REDIR: 0x496ea70 (libc.so.6:strcasecmp) redirected to 0x483f220 (_vgnU_ifunc_wrapper)
--1607050-- REDIR: 0x496d420 (libc.so.6:strcspn) redirected to 0x483f220 (_vgnU_ifunc_wrapper)
--1607050-- REDIR: 0x498a470 (libc.so.6:wcscpy) redirected to 0x483f220 (_vgnU_ifunc_wrapper)
--1607050-- REDIR: 0x496d1d0 (libc.so.6:strcat) redirected to 0x483f220 (_vgnU_ifunc_wrapper)
--1607050-- REDIR: 0x496eb60 (libc.so.6:strncasecmp_l) redirected to 0x483f220 (_vgnU_ifunc_wrapper)
--1607050-- REDIR: 0x496e480 (libc.so.6:bcmp) redirected to 0x483f220 (_vgnU_ifunc_wrapper)
--1607050-- REDIR: 0x4976570 (libc.so.6:memrchr) redirected to 0x483f220 (_vgnU_ifunc_wrapper)
--1607050-- REDIR: 0x4970010 (libc.so.6:strchrnul) redirected to 0x483f220 (_vgnU_ifunc_wrapper)
--1607050-- REDIR: 0x496d390 (libc.so.6:strcpy) redirected to 0x483f220 (_vgnU_ifunc_wrapper)
--1607050-- REDIR: 0x496eb10 (libc.so.6:strcasecmp_l) redirected to 0x483f220 (_vgnU_ifunc_wrapper)
--1607050-- REDIR: 0x496d6a0 (libc.so.6:strlen) redirected to 0x483f220 (_vgnU_ifunc_wrapper)
--1607050-- REDIR: 0x496d8d0 (libc.so.6:strncpy) redirected to 0x483f220 (_vgnU_ifunc_wrapper)
--1607050-- REDIR: 0x496e950 (libc.so.6:stpcpy) redirected to 0x483f220 (_vgnU_ifunc_wrapper)
--1607050-- REDIR: 0x496e3f0 (libc.so.6:memchr) redirected to 0x483f220 (_vgnU_ifunc_wrapper)
--1607050-- REDIR: 0x496db00 (libc.so.6:strspn) redirected to 0x483f220 (_vgnU_ifunc_wrapper)
--1607050-- REDIR: 0x496e7d0 (libc.so.6:mempcpy) redirected to 0x483f220 (_vgnU_ifunc_wrapper)
--1607050-- REDIR: 0x496eac0 (libc.so.6:strncasecmp) redirected to 0x483f220 (_vgnU_ifunc_wrapper)
--1607050-- REDIR: 0x496ff80 (libc.so.6:rawmemchr) redirected to 0x483f220 (_vgnU_ifunc_wrapper)
--1607050-- REDIR: 0x496d7a0 (libc.so.6:strncat) redirected to 0x483f220 (_vgnU_ifunc_wrapper)
--1607050-- REDIR: 0x49f9280 (libc.so.6:__memcpy_chk) redirected to 0x483f220 (_vgnU_ifunc_wrapper)
--1607050-- REDIR: 0x496e310 (libc.so.6:strstr) redirected to 0x483f220 (_vgnU_ifunc_wrapper)
--1607050-- REDIR: 0x4a62610 (libc.so.6:__strrchr_avx2) redirected to 0x484e810 (rindex)
--1607050-- REDIR: 0x496a0a0 (libc.so.6:malloc) redirected to 0x4848820 (malloc)
--1607050-- REDIR: 0x496a3e0 (libc.so.6:free) redirected to 0x484b210 (free)
--1607050-- REDIR: 0x4a657c0 (libc.so.6:__memcpy_avx_unaligned_erms) redirected to 0x4852880 (memmove)
--1607050-- REDIR: 0x4a627e0 (libc.so.6:__strlen_avx2) redirected to 0x484ed10 (strlen)
--1607050-- REDIR: 0x4a62400 (libc.so.6:__strchrnul_avx2) redirected to 0x4853330 (strchrnul)
--1607050-- REDIR: 0x490a150 (libc.so.6:setenv) redirected to 0x48542d0 (setenv)
--1607050-- REDIR: 0x4a62180 (libc.so.6:__strchr_avx2) redirected to 0x484e9f0 (index)
--1607050-- REDIR: 0x4a5dd80 (libc.so.6:__strncmp_avx2) redirected to 0x484f3e0 (strncmp)
--1607050-- REDIR: 0x496a740 (libc.so.6:realloc) redirected to 0x484dc50 (realloc)
--1607050-- REDIR: 0x4a65780 (libc.so.6:__mempcpy_avx_unaligned_erms) redirected to 0x4853440 (mempcpy)
--1607050-- REDIR: 0x4a5d940 (libc.so.6:__strcmp_avx2) redirected to 0x484fbd0 (strcmp)
--1607050-- REDIR: 0x496b520 (libc.so.6:calloc) redirected to 0x484d9d0 (calloc)
--1607050-- REDIR: 0x4a62960 (libc.so.6:__strnlen_avx2) redirected to 0x484ecb0 (strnlen)
--1607050-- REDIR: 0x4a63cb0 (libc.so.6:__strcpy_avx2) redirected to 0x484ee60 (strcpy)
--1607050-- REDIR: 0x496dfc0 (libc.so.6:__GI_strstr) redirected to 0x4853ae0 (__strstr_sse2)
--1607050-- REDIR: 0x4a65790 (libc.so.6:__memcpy_chk_avx_unaligned_erms) redirected to 0x4853940 (__memcpy_chk)
--1607050-- REDIR: 0x4a65f80 (libc.so.6:__memset_avx2_unaligned_erms) redirected to 0x4852770 (memset)
--1607050-- REDIR: 0x4a64040 (libc.so.6:__strncpy_avx2) redirected to 0x484efe0 (strncpy)
--1607050-- REDIR: 0x4a5e2c0 (libc.so.6:__memchr_avx2) redirected to 0x484fd50 (memchr)
--1607050-- REDIR: 0x4a649a0 (libc.so.6:__stpcpy_avx2) redirected to 0x4852130 (stpcpy)
--1607050-- REDIR: 0x4a5f130 (libc.so.6:__strcasecmp_avx) redirected to 0x484f560 (strcasecmp)
--1607050-- REDIR: 0x4a607b0 (libc.so.6:__strncasecmp_avx) redirected to 0x484f640 (strncasecmp)
--1607050-- REDIR: 0x4a5ea80 (libc.so.6:__memcmp_avx2_movbe) redirected to 0x4852010 (bcmp)
==1607050== 
==1607050== HEAP SUMMARY:
==1607050==     in use at exit: 204,159 bytes in 221 blocks
==1607050==   total heap usage: 827 allocs, 606 frees, 235,730 bytes allocated
==1607050== 
==1607050== Searching for pointers to 221 not-freed blocks
==1607050== Checked 249,992 bytes
==1607050== 
==1607050== 8 bytes in 1 blocks are still reachable in loss record 1 of 62
==1607050==    at 0x4848899: malloc (in /usr/libexec/valgrind/vgpreload_memcheck-amd64-linux.so)
==1607050==    by 0x48AB4A7: xrealloc (in /usr/lib/x86_64-linux-gnu/libreadline.so.8.1)
==1607050==    by 0x48977F6: ??? (in /usr/lib/x86_64-linux-gnu/libreadline.so.8.1)
==1607050==    by 0x4897E0D: rl_expand_prompt (in /usr/lib/x86_64-linux-gnu/libreadline.so.8.1)
==1607050==    by 0x48871BF: rl_set_prompt (in /usr/lib/x86_64-linux-gnu/libreadline.so.8.1)
==1607050==    by 0x4892CCF: readline (in /usr/lib/x86_64-linux-gnu/libreadline.so.8.1)
==1607050==    by 0x4026A9: read_interactive_input (in /sgoinfre/goinfre/Perso/shutan/minishell/minishell)
==1607050==    by 0x40266C: read_input (in /sgoinfre/goinfre/Perso/shutan/minishell/minishell)
==1607050==    by 0x402900: process_interactive_input (in /sgoinfre/goinfre/Perso/shutan/minishell/minishell)
==1607050==    by 0x4029D2: handle_input_loop (in /sgoinfre/goinfre/Perso/shutan/minishell/minishell)
==1607050==    by 0x402400: main (in /sgoinfre/goinfre/Perso/shutan/minishell/minishell)
==1607050== 
==1607050== 8 bytes in 1 blocks are still reachable in loss record 2 of 62
==1607050==    at 0x4848899: malloc (in /usr/libexec/valgrind/vgpreload_memcheck-amd64-linux.so)
==1607050==    by 0x496D58E: strdup (strdup.c:42)
==1607050==    by 0x4B0BD17: _nc_trim_sgr0 (in /usr/lib/x86_64-linux-gnu/libtinfo.so.6.3)
==1607050==    by 0x4B0A6A8: tgetent_sp (in /usr/lib/x86_64-linux-gnu/libtinfo.so.6.3)
==1607050==    by 0x48A61CD: _rl_init_terminal_io (in /usr/lib/x86_64-linux-gnu/libreadline.so.8.1)
==1607050==    by 0x4892A0F: rl_initialize (in /usr/lib/x86_64-linux-gnu/libreadline.so.8.1)
==1607050==    by 0x4892CD4: readline (in /usr/lib/x86_64-linux-gnu/libreadline.so.8.1)
==1607050==    by 0x4026A9: read_interactive_input (in /sgoinfre/goinfre/Perso/shutan/minishell/minishell)
==1607050==    by 0x40266C: read_input (in /sgoinfre/goinfre/Perso/shutan/minishell/minishell)
==1607050==    by 0x402900: process_interactive_input (in /sgoinfre/goinfre/Perso/shutan/minishell/minishell)
==1607050==    by 0x4029D2: handle_input_loop (in /sgoinfre/goinfre/Perso/shutan/minishell/minishell)
==1607050==    by 0x402400: main (in /sgoinfre/goinfre/Perso/shutan/minishell/minishell)
==1607050== 
==1607050== 12 bytes in 1 blocks are still reachable in loss record 3 of 62
==1607050==    at 0x4848899: malloc (in /usr/libexec/valgrind/vgpreload_memcheck-amd64-linux.so)
==1607050==    by 0x48AABAC: xmalloc (in /usr/lib/x86_64-linux-gnu/libreadline.so.8.1)
==1607050==    by 0x48871E3: rl_set_prompt (in /usr/lib/x86_64-linux-gnu/libreadline.so.8.1)
==1607050==    by 0x4892CCF: readline (in /usr/lib/x86_64-linux-gnu/libreadline.so.8.1)
==1607050==    by 0x4026A9: read_interactive_input (in /sgoinfre/goinfre/Perso/shutan/minishell/minishell)
==1607050==    by 0x40266C: read_input (in /sgoinfre/goinfre/Perso/shutan/minishell/minishell)
==1607050==    by 0x402900: process_interactive_input (in /sgoinfre/goinfre/Perso/shutan/minishell/minishell)
==1607050==    by 0x4029D2: handle_input_loop (in /sgoinfre/goinfre/Perso/shutan/minishell/minishell)
==1607050==    by 0x402400: main (in /sgoinfre/goinfre/Perso/shutan/minishell/minishell)
==1607050== 
==1607050== 12 bytes in 1 blocks are still reachable in loss record 4 of 62
==1607050==    at 0x4848899: malloc (in /usr/libexec/valgrind/vgpreload_memcheck-amd64-linux.so)
==1607050==    by 0x48AABAC: xmalloc (in /usr/lib/x86_64-linux-gnu/libreadline.so.8.1)
==1607050==    by 0x4897C7F: ??? (in /usr/lib/x86_64-linux-gnu/libreadline.so.8.1)
==1607050==    by 0x4897E0D: rl_expand_prompt (in /usr/lib/x86_64-linux-gnu/libreadline.so.8.1)
==1607050==    by 0x48871BF: rl_set_prompt (in /usr/lib/x86_64-linux-gnu/libreadline.so.8.1)
==1607050==    by 0x4892CCF: readline (in /usr/lib/x86_64-linux-gnu/libreadline.so.8.1)
==1607050==    by 0x4026A9: read_interactive_input (in /sgoinfre/goinfre/Perso/shutan/minishell/minishell)
==1607050==    by 0x40266C: read_input (in /sgoinfre/goinfre/Perso/shutan/minishell/minishell)
==1607050==    by 0x402900: process_interactive_input (in /sgoinfre/goinfre/Perso/shutan/minishell/minishell)
==1607050==    by 0x4029D2: handle_input_loop (in /sgoinfre/goinfre/Perso/shutan/minishell/minishell)
==1607050==    by 0x402400: main (in /sgoinfre/goinfre/Perso/shutan/minishell/minishell)
==1607050== 
==1607050== 13 bytes in 1 blocks are still reachable in loss record 5 of 62
==1607050==    at 0x4848899: malloc (in /usr/libexec/valgrind/vgpreload_memcheck-amd64-linux.so)
==1607050==    by 0x496D58E: strdup (strdup.c:42)
==1607050==    by 0x4AFD377: ??? (in /usr/lib/x86_64-linux-gnu/libtinfo.so.6.3)
==1607050==    by 0x4AFFBF8: _nc_first_db (in /usr/lib/x86_64-linux-gnu/libtinfo.so.6.3)
==1607050==    by 0x4B09696: _nc_read_entry2 (in /usr/lib/x86_64-linux-gnu/libtinfo.so.6.3)
==1607050==    by 0x4B09711: ??? (in /usr/lib/x86_64-linux-gnu/libtinfo.so.6.3)
==1607050==    by 0x4B09866: _nc_setupterm (in /usr/lib/x86_64-linux-gnu/libtinfo.so.6.3)
==1607050==    by 0x4B0A4C9: tgetent_sp (in /usr/lib/x86_64-linux-gnu/libtinfo.so.6.3)
==1607050==    by 0x48A61CD: _rl_init_terminal_io (in /usr/lib/x86_64-linux-gnu/libreadline.so.8.1)
==1607050==    by 0x4892A0F: rl_initialize (in /usr/lib/x86_64-linux-gnu/libreadline.so.8.1)
==1607050==    by 0x4892CD4: readline (in /usr/lib/x86_64-linux-gnu/libreadline.so.8.1)
==1607050==    by 0x4026A9: read_interactive_input (in /sgoinfre/goinfre/Perso/shutan/minishell/minishell)
==1607050== 
==1607050== 13 bytes in 1 blocks are still reachable in loss record 6 of 62
==1607050==    at 0x4848899: malloc (in /usr/libexec/valgrind/vgpreload_memcheck-amd64-linux.so)
==1607050==    by 0x48AABAC: xmalloc (in /usr/lib/x86_64-linux-gnu/libreadline.so.8.1)
==1607050==    by 0x4898BF5: ??? (in /usr/lib/x86_64-linux-gnu/libreadline.so.8.1)
==1607050==    by 0x4892A38: rl_initialize (in /usr/lib/x86_64-linux-gnu/libreadline.so.8.1)
==1607050==    by 0x4892CD4: readline (in /usr/lib/x86_64-linux-gnu/libreadline.so.8.1)
==1607050==    by 0x4026A9: read_interactive_input (in /sgoinfre/goinfre/Perso/shutan/minishell/minishell)
==1607050==    by 0x40266C: read_input (in /sgoinfre/goinfre/Perso/shutan/minishell/minishell)
==1607050==    by 0x402900: process_interactive_input (in /sgoinfre/goinfre/Perso/shutan/minishell/minishell)
==1607050==    by 0x4029D2: handle_input_loop (in /sgoinfre/goinfre/Perso/shutan/minishell/minishell)
==1607050==    by 0x402400: main (in /sgoinfre/goinfre/Perso/shutan/minishell/minishell)
==1607050== 
==1607050== 14 bytes in 1 blocks are still reachable in loss record 7 of 62
==1607050==    at 0x484DCD3: realloc (in /usr/libexec/valgrind/vgpreload_memcheck-amd64-linux.so)
==1607050==    by 0x4AFE6CC: _nc_doalloc (in /usr/lib/x86_64-linux-gnu/libtinfo.so.6.3)
==1607050==    by 0x4B05272: _nc_tiparm (in /usr/lib/x86_64-linux-gnu/libtinfo.so.6.3)
==1607050==    by 0x4B0BC7D: ??? (in /usr/lib/x86_64-linux-gnu/libtinfo.so.6.3)
==1607050==    by 0x4B0BD09: _nc_trim_sgr0 (in /usr/lib/x86_64-linux-gnu/libtinfo.so.6.3)
==1607050==    by 0x4B0A6A8: tgetent_sp (in /usr/lib/x86_64-linux-gnu/libtinfo.so.6.3)
==1607050==    by 0x48A61CD: _rl_init_terminal_io (in /usr/lib/x86_64-linux-gnu/libreadline.so.8.1)
==1607050==    by 0x4892A0F: rl_initialize (in /usr/lib/x86_64-linux-gnu/libreadline.so.8.1)
==1607050==    by 0x4892CD4: readline (in /usr/lib/x86_64-linux-gnu/libreadline.so.8.1)
==1607050==    by 0x4026A9: read_interactive_input (in /sgoinfre/goinfre/Perso/shutan/minishell/minishell)
==1607050==    by 0x40266C: read_input (in /sgoinfre/goinfre/Perso/shutan/minishell/minishell)
==1607050==    by 0x402900: process_interactive_input (in /sgoinfre/goinfre/Perso/shutan/minishell/minishell)
==1607050== 
==1607050== 15 bytes in 1 blocks are still reachable in loss record 8 of 62
==1607050==    at 0x4848899: malloc (in /usr/libexec/valgrind/vgpreload_memcheck-amd64-linux.so)
==1607050==    by 0x496D58E: strdup (strdup.c:42)
==1607050==    by 0x4B098AE: _nc_setupterm (in /usr/lib/x86_64-linux-gnu/libtinfo.so.6.3)
==1607050==    by 0x4B0A4C9: tgetent_sp (in /usr/lib/x86_64-linux-gnu/libtinfo.so.6.3)
==1607050==    by 0x48A61CD: _rl_init_terminal_io (in /usr/lib/x86_64-linux-gnu/libreadline.so.8.1)
==1607050==    by 0x4892A0F: rl_initialize (in /usr/lib/x86_64-linux-gnu/libreadline.so.8.1)
==1607050==    by 0x4892CD4: readline (in /usr/lib/x86_64-linux-gnu/libreadline.so.8.1)
==1607050==    by 0x4026A9: read_interactive_input (in /sgoinfre/goinfre/Perso/shutan/minishell/minishell)
==1607050==    by 0x40266C: read_input (in /sgoinfre/goinfre/Perso/shutan/minishell/minishell)
==1607050==    by 0x402900: process_interactive_input (in /sgoinfre/goinfre/Perso/shutan/minishell/minishell)
==1607050==    by 0x4029D2: handle_input_loop (in /sgoinfre/goinfre/Perso/shutan/minishell/minishell)
==1607050==    by 0x402400: main (in /sgoinfre/goinfre/Perso/shutan/minishell/minishell)
==1607050== 
==1607050== 16 bytes in 1 blocks are still reachable in loss record 9 of 62
==1607050==    at 0x4848899: malloc (in /usr/libexec/valgrind/vgpreload_memcheck-amd64-linux.so)
==1607050==    by 0x4892B26: rl_initialize (in /usr/lib/x86_64-linux-gnu/libreadline.so.8.1)
==1607050==    by 0x4892CD4: readline (in /usr/lib/x86_64-linux-gnu/libreadline.so.8.1)
==1607050==    by 0x4026A9: read_interactive_input (in /sgoinfre/goinfre/Perso/shutan/minishell/minishell)
==1607050==    by 0x40266C: read_input (in /sgoinfre/goinfre/Perso/shutan/minishell/minishell)
==1607050==    by 0x402900: process_interactive_input (in /sgoinfre/goinfre/Perso/shutan/minishell/minishell)
==1607050==    by 0x4029D2: handle_input_loop (in /sgoinfre/goinfre/Perso/shutan/minishell/minishell)
==1607050==    by 0x402400: main (in /sgoinfre/goinfre/Perso/shutan/minishell/minishell)
==1607050== 
==1607050== 20 bytes in 1 blocks are still reachable in loss record 10 of 62
==1607050==    at 0x4848899: malloc (in /usr/libexec/valgrind/vgpreload_memcheck-amd64-linux.so)
==1607050==    by 0x48AABAC: xmalloc (in /usr/lib/x86_64-linux-gnu/libreadline.so.8.1)
==1607050==    by 0x4895D8B: ??? (in /usr/lib/x86_64-linux-gnu/libreadline.so.8.1)
==1607050==    by 0x48986C9: rl_parse_and_bind (in /usr/lib/x86_64-linux-gnu/libreadline.so.8.1)
==1607050==    by 0x4898B6C: ??? (in /usr/lib/x86_64-linux-gnu/libreadline.so.8.1)
==1607050==    by 0x4892A38: rl_initialize (in /usr/lib/x86_64-linux-gnu/libreadline.so.8.1)
==1607050==    by 0x4892CD4: readline (in /usr/lib/x86_64-linux-gnu/libreadline.so.8.1)
==1607050==    by 0x4026A9: read_interactive_input (in /sgoinfre/goinfre/Perso/shutan/minishell/minishell)
==1607050==    by 0x40266C: read_input (in /sgoinfre/goinfre/Perso/shutan/minishell/minishell)
==1607050==    by 0x402900: process_interactive_input (in /sgoinfre/goinfre/Perso/shutan/minishell/minishell)
==1607050==    by 0x4029D2: handle_input_loop (in /sgoinfre/goinfre/Perso/shutan/minishell/minishell)
==1607050==    by 0x402400: main (in /sgoinfre/goinfre/Perso/shutan/minishell/minishell)
==1607050== 
==1607050== 24 bytes in 1 blocks are still reachable in loss record 11 of 62
==1607050==    at 0x4848899: malloc (in /usr/libexec/valgrind/vgpreload_memcheck-amd64-linux.so)
==1607050==    by 0x49E4F34: tsearch (tsearch.c:337)
==1607050==    by 0x4B01D6E: ??? (in /usr/lib/x86_64-linux-gnu/libtinfo.so.6.3)
==1607050==    by 0x4B05098: _nc_tiparm (in /usr/lib/x86_64-linux-gnu/libtinfo.so.6.3)
==1607050==    by 0x4B0BC7D: ??? (in /usr/lib/x86_64-linux-gnu/libtinfo.so.6.3)
==1607050==    by 0x4B0BD09: _nc_trim_sgr0 (in /usr/lib/x86_64-linux-gnu/libtinfo.so.6.3)
==1607050==    by 0x4B0A6A8: tgetent_sp (in /usr/lib/x86_64-linux-gnu/libtinfo.so.6.3)
==1607050==    by 0x48A61CD: _rl_init_terminal_io (in /usr/lib/x86_64-linux-gnu/libreadline.so.8.1)
==1607050==    by 0x4892A0F: rl_initialize (in /usr/lib/x86_64-linux-gnu/libreadline.so.8.1)
==1607050==    by 0x4892CD4: readline (in /usr/lib/x86_64-linux-gnu/libreadline.so.8.1)
==1607050==    by 0x4026A9: read_interactive_input (in /sgoinfre/goinfre/Perso/shutan/minishell/minishell)
==1607050==    by 0x40266C: read_input (in /sgoinfre/goinfre/Perso/shutan/minishell/minishell)
==1607050== 
==1607050== 25 bytes in 1 blocks are still reachable in loss record 12 of 62
==1607050==    at 0x4848899: malloc (in /usr/libexec/valgrind/vgpreload_memcheck-amd64-linux.so)
==1607050==    by 0x4AFF624: _nc_home_terminfo (in /usr/lib/x86_64-linux-gnu/libtinfo.so.6.3)
==1607050==    by 0x4AFFBE2: _nc_first_db (in /usr/lib/x86_64-linux-gnu/libtinfo.so.6.3)
==1607050==    by 0x4B09696: _nc_read_entry2 (in /usr/lib/x86_64-linux-gnu/libtinfo.so.6.3)
==1607050==    by 0x4B09711: ??? (in /usr/lib/x86_64-linux-gnu/libtinfo.so.6.3)
==1607050==    by 0x4B09866: _nc_setupterm (in /usr/lib/x86_64-linux-gnu/libtinfo.so.6.3)
==1607050==    by 0x4B0A4C9: tgetent_sp (in /usr/lib/x86_64-linux-gnu/libtinfo.so.6.3)
==1607050==    by 0x48A61CD: _rl_init_terminal_io (in /usr/lib/x86_64-linux-gnu/libreadline.so.8.1)
==1607050==    by 0x4892A0F: rl_initialize (in /usr/lib/x86_64-linux-gnu/libreadline.so.8.1)
==1607050==    by 0x4892CD4: readline (in /usr/lib/x86_64-linux-gnu/libreadline.so.8.1)
==1607050==    by 0x4026A9: read_interactive_input (in /sgoinfre/goinfre/Perso/shutan/minishell/minishell)
==1607050==    by 0x40266C: read_input (in /sgoinfre/goinfre/Perso/shutan/minishell/minishell)
==1607050== 
==1607050== 46 bytes in 1 blocks are still reachable in loss record 13 of 62
==1607050==    at 0x484DCD3: realloc (in /usr/libexec/valgrind/vgpreload_memcheck-amd64-linux.so)
==1607050==    by 0x4AFE6CC: _nc_doalloc (in /usr/lib/x86_64-linux-gnu/libtinfo.so.6.3)
==1607050==    by 0x4B0916F: _nc_read_termtype (in /usr/lib/x86_64-linux-gnu/libtinfo.so.6.3)
==1607050==    by 0x4B0952A: ??? (in /usr/lib/x86_64-linux-gnu/libtinfo.so.6.3)
==1607050==    by 0x4B0BC40: ??? (in /usr/lib/x86_64-linux-gnu/libtinfo.so.6.3)
==1607050==    by 0x4B096BB: _nc_read_entry2 (in /usr/lib/x86_64-linux-gnu/libtinfo.so.6.3)
==1607050==    by 0x4B09711: ??? (in /usr/lib/x86_64-linux-gnu/libtinfo.so.6.3)
==1607050==    by 0x4B09866: _nc_setupterm (in /usr/lib/x86_64-linux-gnu/libtinfo.so.6.3)
==1607050==    by 0x4B0A4C9: tgetent_sp (in /usr/lib/x86_64-linux-gnu/libtinfo.so.6.3)
==1607050==    by 0x48A61CD: _rl_init_terminal_io (in /usr/lib/x86_64-linux-gnu/libreadline.so.8.1)
==1607050==    by 0x4892A0F: rl_initialize (in /usr/lib/x86_64-linux-gnu/libreadline.so.8.1)
==1607050==    by 0x4892CD4: readline (in /usr/lib/x86_64-linux-gnu/libreadline.so.8.1)
==1607050== 
==1607050== 46 bytes in 1 blocks are still reachable in loss record 14 of 62
==1607050==    at 0x4848899: malloc (in /usr/libexec/valgrind/vgpreload_memcheck-amd64-linux.so)
==1607050==    by 0x4AFDFDE: ??? (in /usr/lib/x86_64-linux-gnu/libtinfo.so.6.3)
==1607050==    by 0x4B0987D: _nc_setupterm (in /usr/lib/x86_64-linux-gnu/libtinfo.so.6.3)
==1607050==    by 0x4B0A4C9: tgetent_sp (in /usr/lib/x86_64-linux-gnu/libtinfo.so.6.3)
==1607050==    by 0x48A61CD: _rl_init_terminal_io (in /usr/lib/x86_64-linux-gnu/libreadline.so.8.1)
==1607050==    by 0x4892A0F: rl_initialize (in /usr/lib/x86_64-linux-gnu/libreadline.so.8.1)
==1607050==    by 0x4892CD4: readline (in /usr/lib/x86_64-linux-gnu/libreadline.so.8.1)
==1607050==    by 0x4026A9: read_interactive_input (in /sgoinfre/goinfre/Perso/shutan/minishell/minishell)
==1607050==    by 0x40266C: read_input (in /sgoinfre/goinfre/Perso/shutan/minishell/minishell)
==1607050==    by 0x402900: process_interactive_input (in /sgoinfre/goinfre/Perso/shutan/minishell/minishell)
==1607050==    by 0x4029D2: handle_input_loop (in /sgoinfre/goinfre/Perso/shutan/minishell/minishell)
==1607050==    by 0x402400: main (in /sgoinfre/goinfre/Perso/shutan/minishell/minishell)
==1607050== 
==1607050== 48 bytes in 1 blocks are still reachable in loss record 15 of 62
==1607050==    at 0x484DA83: calloc (in /usr/libexec/valgrind/vgpreload_memcheck-amd64-linux.so)
==1607050==    by 0x4AFF833: _nc_first_db (in /usr/lib/x86_64-linux-gnu/libtinfo.so.6.3)
==1607050==    by 0x4B09696: _nc_read_entry2 (in /usr/lib/x86_64-linux-gnu/libtinfo.so.6.3)
==1607050==    by 0x4B09711: ??? (in /usr/lib/x86_64-linux-gnu/libtinfo.so.6.3)
==1607050==    by 0x4B09866: _nc_setupterm (in /usr/lib/x86_64-linux-gnu/libtinfo.so.6.3)
==1607050==    by 0x4B0A4C9: tgetent_sp (in /usr/lib/x86_64-linux-gnu/libtinfo.so.6.3)
==1607050==    by 0x48A61CD: _rl_init_terminal_io (in /usr/lib/x86_64-linux-gnu/libreadline.so.8.1)
==1607050==    by 0x4892A0F: rl_initialize (in /usr/lib/x86_64-linux-gnu/libreadline.so.8.1)
==1607050==    by 0x4892CD4: readline (in /usr/lib/x86_64-linux-gnu/libreadline.so.8.1)
==1607050==    by 0x4026A9: read_interactive_input (in /sgoinfre/goinfre/Perso/shutan/minishell/minishell)
==1607050==    by 0x40266C: read_input (in /sgoinfre/goinfre/Perso/shutan/minishell/minishell)
==1607050==    by 0x402900: process_interactive_input (in /sgoinfre/goinfre/Perso/shutan/minishell/minishell)
==1607050== 
==1607050== 78 bytes in 1 blocks are still reachable in loss record 16 of 62
==1607050==    at 0x4848899: malloc (in /usr/libexec/valgrind/vgpreload_memcheck-amd64-linux.so)
==1607050==    by 0x4AFE04B: ??? (in /usr/lib/x86_64-linux-gnu/libtinfo.so.6.3)
==1607050==    by 0x4B0987D: _nc_setupterm (in /usr/lib/x86_64-linux-gnu/libtinfo.so.6.3)
==1607050==    by 0x4B0A4C9: tgetent_sp (in /usr/lib/x86_64-linux-gnu/libtinfo.so.6.3)
==1607050==    by 0x48A61CD: _rl_init_terminal_io (in /usr/lib/x86_64-linux-gnu/libreadline.so.8.1)
==1607050==    by 0x4892A0F: rl_initialize (in /usr/lib/x86_64-linux-gnu/libreadline.so.8.1)
==1607050==    by 0x4892CD4: readline (in /usr/lib/x86_64-linux-gnu/libreadline.so.8.1)
==1607050==    by 0x4026A9: read_interactive_input (in /sgoinfre/goinfre/Perso/shutan/minishell/minishell)
==1607050==    by 0x40266C: read_input (in /sgoinfre/goinfre/Perso/shutan/minishell/minishell)
==1607050==    by 0x402900: process_interactive_input (in /sgoinfre/goinfre/Perso/shutan/minishell/minishell)
==1607050==    by 0x4029D2: handle_input_loop (in /sgoinfre/goinfre/Perso/shutan/minishell/minishell)
==1607050==    by 0x402400: main (in /sgoinfre/goinfre/Perso/shutan/minishell/minishell)
==1607050== 
==1607050== 93 bytes in 1 blocks are still reachable in loss record 17 of 62
==1607050==    at 0x4848899: malloc (in /usr/libexec/valgrind/vgpreload_memcheck-amd64-linux.so)
==1607050==    by 0x496D58E: strdup (strdup.c:42)
==1607050==    by 0x4B01D54: ??? (in /usr/lib/x86_64-linux-gnu/libtinfo.so.6.3)
==1607050==    by 0x4B05098: _nc_tiparm (in /usr/lib/x86_64-linux-gnu/libtinfo.so.6.3)
==1607050==    by 0x4B0BC7D: ??? (in /usr/lib/x86_64-linux-gnu/libtinfo.so.6.3)
==1607050==    by 0x4B0BD09: _nc_trim_sgr0 (in /usr/lib/x86_64-linux-gnu/libtinfo.so.6.3)
==1607050==    by 0x4B0A6A8: tgetent_sp (in /usr/lib/x86_64-linux-gnu/libtinfo.so.6.3)
==1607050==    by 0x48A61CD: _rl_init_terminal_io (in /usr/lib/x86_64-linux-gnu/libreadline.so.8.1)
==1607050==    by 0x4892A0F: rl_initialize (in /usr/lib/x86_64-linux-gnu/libreadline.so.8.1)
==1607050==    by 0x4892CD4: readline (in /usr/lib/x86_64-linux-gnu/libreadline.so.8.1)
==1607050==    by 0x4026A9: read_interactive_input (in /sgoinfre/goinfre/Perso/shutan/minishell/minishell)
==1607050==    by 0x40266C: read_input (in /sgoinfre/goinfre/Perso/shutan/minishell/minishell)
==1607050== 
==1607050== 94 bytes in 1 blocks are still reachable in loss record 18 of 62
==1607050==    at 0x4848899: malloc (in /usr/libexec/valgrind/vgpreload_memcheck-amd64-linux.so)
==1607050==    by 0x4AFF79A: _nc_first_db (in /usr/lib/x86_64-linux-gnu/libtinfo.so.6.3)
==1607050==    by 0x4B09696: _nc_read_entry2 (in /usr/lib/x86_64-linux-gnu/libtinfo.so.6.3)
==1607050==    by 0x4B09711: ??? (in /usr/lib/x86_64-linux-gnu/libtinfo.so.6.3)
==1607050==    by 0x4B09866: _nc_setupterm (in /usr/lib/x86_64-linux-gnu/libtinfo.so.6.3)
==1607050==    by 0x4B0A4C9: tgetent_sp (in /usr/lib/x86_64-linux-gnu/libtinfo.so.6.3)
==1607050==    by 0x48A61CD: _rl_init_terminal_io (in /usr/lib/x86_64-linux-gnu/libreadline.so.8.1)
==1607050==    by 0x4892A0F: rl_initialize (in /usr/lib/x86_64-linux-gnu/libreadline.so.8.1)
==1607050==    by 0x4892CD4: readline (in /usr/lib/x86_64-linux-gnu/libreadline.so.8.1)
==1607050==    by 0x4026A9: read_interactive_input (in /sgoinfre/goinfre/Perso/shutan/minishell/minishell)
==1607050==    by 0x40266C: read_input (in /sgoinfre/goinfre/Perso/shutan/minishell/minishell)
==1607050==    by 0x402900: process_interactive_input (in /sgoinfre/goinfre/Perso/shutan/minishell/minishell)
==1607050== 
==1607050== 94 bytes in 1 blocks are still reachable in loss record 19 of 62
==1607050==    at 0x4848899: malloc (in /usr/libexec/valgrind/vgpreload_memcheck-amd64-linux.so)
==1607050==    by 0x4B0195B: _nc_tparm_analyze (in /usr/lib/x86_64-linux-gnu/libtinfo.so.6.3)
==1607050==    by 0x4B01C62: ??? (in /usr/lib/x86_64-linux-gnu/libtinfo.so.6.3)
==1607050==    by 0x4B05098: _nc_tiparm (in /usr/lib/x86_64-linux-gnu/libtinfo.so.6.3)
==1607050==    by 0x4B0BC7D: ??? (in /usr/lib/x86_64-linux-gnu/libtinfo.so.6.3)
==1607050==    by 0x4B0BD09: _nc_trim_sgr0 (in /usr/lib/x86_64-linux-gnu/libtinfo.so.6.3)
==1607050==    by 0x4B0A6A8: tgetent_sp (in /usr/lib/x86_64-linux-gnu/libtinfo.so.6.3)
==1607050==    by 0x48A61CD: _rl_init_terminal_io (in /usr/lib/x86_64-linux-gnu/libreadline.so.8.1)
==1607050==    by 0x4892A0F: rl_initialize (in /usr/lib/x86_64-linux-gnu/libreadline.so.8.1)
==1607050==    by 0x4892CD4: readline (in /usr/lib/x86_64-linux-gnu/libreadline.so.8.1)
==1607050==    by 0x4026A9: read_interactive_input (in /sgoinfre/goinfre/Perso/shutan/minishell/minishell)
==1607050==    by 0x40266C: read_input (in /sgoinfre/goinfre/Perso/shutan/minishell/minishell)
==1607050== 
==1607050== 156 bytes in 1 blocks are still reachable in loss record 20 of 62
==1607050==    at 0x484DCD3: realloc (in /usr/libexec/valgrind/vgpreload_memcheck-amd64-linux.so)
==1607050==    by 0x4AFE6CC: _nc_doalloc (in /usr/lib/x86_64-linux-gnu/libtinfo.so.6.3)
==1607050==    by 0x4B09197: _nc_read_termtype (in /usr/lib/x86_64-linux-gnu/libtinfo.so.6.3)
==1607050==    by 0x4B0952A: ??? (in /usr/lib/x86_64-linux-gnu/libtinfo.so.6.3)
==1607050==    by 0x4B0BC40: ??? (in /usr/lib/x86_64-linux-gnu/libtinfo.so.6.3)
==1607050==    by 0x4B096BB: _nc_read_entry2 (in /usr/lib/x86_64-linux-gnu/libtinfo.so.6.3)
==1607050==    by 0x4B09711: ??? (in /usr/lib/x86_64-linux-gnu/libtinfo.so.6.3)
==1607050==    by 0x4B09866: _nc_setupterm (in /usr/lib/x86_64-linux-gnu/libtinfo.so.6.3)
==1607050==    by 0x4B0A4C9: tgetent_sp (in /usr/lib/x86_64-linux-gnu/libtinfo.so.6.3)
==1607050==    by 0x48A61CD: _rl_init_terminal_io (in /usr/lib/x86_64-linux-gnu/libreadline.so.8.1)
==1607050==    by 0x4892A0F: rl_initialize (in /usr/lib/x86_64-linux-gnu/libreadline.so.8.1)
==1607050==    by 0x4892CD4: readline (in /usr/lib/x86_64-linux-gnu/libreadline.so.8.1)
==1607050== 
==1607050== 168 bytes in 1 blocks are still reachable in loss record 21 of 62
==1607050==    at 0x484DA83: calloc (in /usr/libexec/valgrind/vgpreload_memcheck-amd64-linux.so)
==1607050==    by 0x4B01CCD: ??? (in /usr/lib/x86_64-linux-gnu/libtinfo.so.6.3)
==1607050==    by 0x4B05098: _nc_tiparm (in /usr/lib/x86_64-linux-gnu/libtinfo.so.6.3)
==1607050==    by 0x4B0BC7D: ??? (in /usr/lib/x86_64-linux-gnu/libtinfo.so.6.3)
==1607050==    by 0x4B0BD09: _nc_trim_sgr0 (in /usr/lib/x86_64-linux-gnu/libtinfo.so.6.3)
==1607050==    by 0x4B0A6A8: tgetent_sp (in /usr/lib/x86_64-linux-gnu/libtinfo.so.6.3)
==1607050==    by 0x48A61CD: _rl_init_terminal_io (in /usr/lib/x86_64-linux-gnu/libreadline.so.8.1)
==1607050==    by 0x4892A0F: rl_initialize (in /usr/lib/x86_64-linux-gnu/libreadline.so.8.1)
==1607050==    by 0x4892CD4: readline (in /usr/lib/x86_64-linux-gnu/libreadline.so.8.1)
==1607050==    by 0x4026A9: read_interactive_input (in /sgoinfre/goinfre/Perso/shutan/minishell/minishell)
==1607050==    by 0x40266C: read_input (in /sgoinfre/goinfre/Perso/shutan/minishell/minishell)
==1607050==    by 0x402900: process_interactive_input (in /sgoinfre/goinfre/Perso/shutan/minishell/minishell)
==1607050== 
==1607050== 256 bytes in 1 blocks are still reachable in loss record 22 of 62
==1607050==    at 0x4848899: malloc (in /usr/libexec/valgrind/vgpreload_memcheck-amd64-linux.so)
==1607050==    by 0x48AABAC: xmalloc (in /usr/lib/x86_64-linux-gnu/libreadline.so.8.1)
==1607050==    by 0x4892C86: rl_initialize (in /usr/lib/x86_64-linux-gnu/libreadline.so.8.1)
==1607050==    by 0x4892CD4: readline (in /usr/lib/x86_64-linux-gnu/libreadline.so.8.1)
==1607050==    by 0x4026A9: read_interactive_input (in /sgoinfre/goinfre/Perso/shutan/minishell/minishell)
==1607050==    by 0x40266C: read_input (in /sgoinfre/goinfre/Perso/shutan/minishell/minishell)
==1607050==    by 0x402900: process_interactive_input (in /sgoinfre/goinfre/Perso/shutan/minishell/minishell)
==1607050==    by 0x4029D2: handle_input_loop (in /sgoinfre/goinfre/Perso/shutan/minishell/minishell)
==1607050==    by 0x402400: main (in /sgoinfre/goinfre/Perso/shutan/minishell/minishell)
==1607050== 
==1607050== 608 bytes in 1 blocks are still reachable in loss record 23 of 62
==1607050==    at 0x484DA83: calloc (in /usr/libexec/valgrind/vgpreload_memcheck-amd64-linux.so)
==1607050==    by 0x4B0937E: _nc_read_termtype (in /usr/lib/x86_64-linux-gnu/libtinfo.so.6.3)
==1607050==    by 0x4B0952A: ??? (in /usr/lib/x86_64-linux-gnu/libtinfo.so.6.3)
==1607050==    by 0x4B0BC40: ??? (in /usr/lib/x86_64-linux-gnu/libtinfo.so.6.3)
==1607050==    by 0x4B096BB: _nc_read_entry2 (in /usr/lib/x86_64-linux-gnu/libtinfo.so.6.3)
==1607050==    by 0x4B09711: ??? (in /usr/lib/x86_64-linux-gnu/libtinfo.so.6.3)
==1607050==    by 0x4B09866: _nc_setupterm (in /usr/lib/x86_64-linux-gnu/libtinfo.so.6.3)
==1607050==    by 0x4B0A4C9: tgetent_sp (in /usr/lib/x86_64-linux-gnu/libtinfo.so.6.3)
==1607050==    by 0x48A61CD: _rl_init_terminal_io (in /usr/lib/x86_64-linux-gnu/libreadline.so.8.1)
==1607050==    by 0x4892A0F: rl_initialize (in /usr/lib/x86_64-linux-gnu/libreadline.so.8.1)
==1607050==    by 0x4892CD4: readline (in /usr/lib/x86_64-linux-gnu/libreadline.so.8.1)
==1607050==    by 0x4026A9: read_interactive_input (in /sgoinfre/goinfre/Perso/shutan/minishell/minishell)
==1607050== 
==1607050== 608 bytes in 1 blocks are still reachable in loss record 24 of 62
==1607050==    at 0x4848899: malloc (in /usr/libexec/valgrind/vgpreload_memcheck-amd64-linux.so)
==1607050==    by 0x4AFE119: ??? (in /usr/lib/x86_64-linux-gnu/libtinfo.so.6.3)
==1607050==    by 0x4B0987D: _nc_setupterm (in /usr/lib/x86_64-linux-gnu/libtinfo.so.6.3)
==1607050==    by 0x4B0A4C9: tgetent_sp (in /usr/lib/x86_64-linux-gnu/libtinfo.so.6.3)
==1607050==    by 0x48A61CD: _rl_init_terminal_io (in /usr/lib/x86_64-linux-gnu/libreadline.so.8.1)
==1607050==    by 0x4892A0F: rl_initialize (in /usr/lib/x86_64-linux-gnu/libreadline.so.8.1)
==1607050==    by 0x4892CD4: readline (in /usr/lib/x86_64-linux-gnu/libreadline.so.8.1)
==1607050==    by 0x4026A9: read_interactive_input (in /sgoinfre/goinfre/Perso/shutan/minishell/minishell)
==1607050==    by 0x40266C: read_input (in /sgoinfre/goinfre/Perso/shutan/minishell/minishell)
==1607050==    by 0x402900: process_interactive_input (in /sgoinfre/goinfre/Perso/shutan/minishell/minishell)
==1607050==    by 0x4029D2: handle_input_loop (in /sgoinfre/goinfre/Perso/shutan/minishell/minishell)
==1607050==    by 0x402400: main (in /sgoinfre/goinfre/Perso/shutan/minishell/minishell)
==1607050== 
==1607050== 760 bytes in 1 blocks are still reachable in loss record 25 of 62
==1607050==    at 0x484DA83: calloc (in /usr/libexec/valgrind/vgpreload_memcheck-amd64-linux.so)
==1607050==    by 0x4B09819: _nc_setupterm (in /usr/lib/x86_64-linux-gnu/libtinfo.so.6.3)
==1607050==    by 0x4B0A4C9: tgetent_sp (in /usr/lib/x86_64-linux-gnu/libtinfo.so.6.3)
==1607050==    by 0x48A61CD: _rl_init_terminal_io (in /usr/lib/x86_64-linux-gnu/libreadline.so.8.1)
==1607050==    by 0x4892A0F: rl_initialize (in /usr/lib/x86_64-linux-gnu/libreadline.so.8.1)
==1607050==    by 0x4892CD4: readline (in /usr/lib/x86_64-linux-gnu/libreadline.so.8.1)
==1607050==    by 0x4026A9: read_interactive_input (in /sgoinfre/goinfre/Perso/shutan/minishell/minishell)
==1607050==    by 0x40266C: read_input (in /sgoinfre/goinfre/Perso/shutan/minishell/minishell)
==1607050==    by 0x402900: process_interactive_input (in /sgoinfre/goinfre/Perso/shutan/minishell/minishell)
==1607050==    by 0x4029D2: handle_input_loop (in /sgoinfre/goinfre/Perso/shutan/minishell/minishell)
==1607050==    by 0x402400: main (in /sgoinfre/goinfre/Perso/shutan/minishell/minishell)
==1607050== 
==1607050== 940 bytes in 1 blocks are still reachable in loss record 26 of 62
==1607050==    at 0x4848899: malloc (in /usr/libexec/valgrind/vgpreload_memcheck-amd64-linux.so)
==1607050==    by 0x4B09287: _nc_read_termtype (in /usr/lib/x86_64-linux-gnu/libtinfo.so.6.3)
==1607050==    by 0x4B0952A: ??? (in /usr/lib/x86_64-linux-gnu/libtinfo.so.6.3)
==1607050==    by 0x4B0BC40: ??? (in /usr/lib/x86_64-linux-gnu/libtinfo.so.6.3)
==1607050==    by 0x4B096BB: _nc_read_entry2 (in /usr/lib/x86_64-linux-gnu/libtinfo.so.6.3)
==1607050==    by 0x4B09711: ??? (in /usr/lib/x86_64-linux-gnu/libtinfo.so.6.3)
==1607050==    by 0x4B09866: _nc_setupterm (in /usr/lib/x86_64-linux-gnu/libtinfo.so.6.3)
==1607050==    by 0x4B0A4C9: tgetent_sp (in /usr/lib/x86_64-linux-gnu/libtinfo.so.6.3)
==1607050==    by 0x48A61CD: _rl_init_terminal_io (in /usr/lib/x86_64-linux-gnu/libreadline.so.8.1)
==1607050==    by 0x4892A0F: rl_initialize (in /usr/lib/x86_64-linux-gnu/libreadline.so.8.1)
==1607050==    by 0x4892CD4: readline (in /usr/lib/x86_64-linux-gnu/libreadline.so.8.1)
==1607050==    by 0x4026A9: read_interactive_input (in /sgoinfre/goinfre/Perso/shutan/minishell/minishell)
==1607050== 
==1607050== 1,024 bytes in 1 blocks are still reachable in loss record 27 of 62
==1607050==    at 0x4848899: malloc (in /usr/libexec/valgrind/vgpreload_memcheck-amd64-linux.so)
==1607050==    by 0x48AB4A7: xrealloc (in /usr/lib/x86_64-linux-gnu/libreadline.so.8.1)
==1607050==    by 0x4894C7B: ??? (in /usr/lib/x86_64-linux-gnu/libreadline.so.8.1)
==1607050==    by 0x4894D67: ??? (in /usr/lib/x86_64-linux-gnu/libreadline.so.8.1)
==1607050==    by 0x489DC7E: rl_redisplay (in /usr/lib/x86_64-linux-gnu/libreadline.so.8.1)
==1607050==    by 0x4888458: readline_internal_setup (in /usr/lib/x86_64-linux-gnu/libreadline.so.8.1)
==1607050==    by 0x4892CF8: readline (in /usr/lib/x86_64-linux-gnu/libreadline.so.8.1)
==1607050==    by 0x4026A9: read_interactive_input (in /sgoinfre/goinfre/Perso/shutan/minishell/minishell)
==1607050==    by 0x40266C: read_input (in /sgoinfre/goinfre/Perso/shutan/minishell/minishell)
==1607050==    by 0x402900: process_interactive_input (in /sgoinfre/goinfre/Perso/shutan/minishell/minishell)
==1607050==    by 0x4029D2: handle_input_loop (in /sgoinfre/goinfre/Perso/shutan/minishell/minishell)
==1607050==    by 0x402400: main (in /sgoinfre/goinfre/Perso/shutan/minishell/minishell)
==1607050== 
==1607050== 1,024 bytes in 1 blocks are still reachable in loss record 28 of 62
==1607050==    at 0x4848899: malloc (in /usr/libexec/valgrind/vgpreload_memcheck-amd64-linux.so)
==1607050==    by 0x48AB4A7: xrealloc (in /usr/lib/x86_64-linux-gnu/libreadline.so.8.1)
==1607050==    by 0x4894C8B: ??? (in /usr/lib/x86_64-linux-gnu/libreadline.so.8.1)
==1607050==    by 0x4894D67: ??? (in /usr/lib/x86_64-linux-gnu/libreadline.so.8.1)
==1607050==    by 0x489DC7E: rl_redisplay (in /usr/lib/x86_64-linux-gnu/libreadline.so.8.1)
==1607050==    by 0x4888458: readline_internal_setup (in /usr/lib/x86_64-linux-gnu/libreadline.so.8.1)
==1607050==    by 0x4892CF8: readline (in /usr/lib/x86_64-linux-gnu/libreadline.so.8.1)
==1607050==    by 0x4026A9: read_interactive_input (in /sgoinfre/goinfre/Perso/shutan/minishell/minishell)
==1607050==    by 0x40266C: read_input (in /sgoinfre/goinfre/Perso/shutan/minishell/minishell)
==1607050==    by 0x402900: process_interactive_input (in /sgoinfre/goinfre/Perso/shutan/minishell/minishell)
==1607050==    by 0x4029D2: handle_input_loop (in /sgoinfre/goinfre/Perso/shutan/minishell/minishell)
==1607050==    by 0x402400: main (in /sgoinfre/goinfre/Perso/shutan/minishell/minishell)
==1607050== 
==1607050== 1,024 bytes in 1 blocks are still reachable in loss record 29 of 62
==1607050==    at 0x4848899: malloc (in /usr/libexec/valgrind/vgpreload_memcheck-amd64-linux.so)
==1607050==    by 0x48AB4A7: xrealloc (in /usr/lib/x86_64-linux-gnu/libreadline.so.8.1)
==1607050==    by 0x4894CA2: ??? (in /usr/lib/x86_64-linux-gnu/libreadline.so.8.1)
==1607050==    by 0x4894D67: ??? (in /usr/lib/x86_64-linux-gnu/libreadline.so.8.1)
==1607050==    by 0x489DC7E: rl_redisplay (in /usr/lib/x86_64-linux-gnu/libreadline.so.8.1)
==1607050==    by 0x4888458: readline_internal_setup (in /usr/lib/x86_64-linux-gnu/libreadline.so.8.1)
==1607050==    by 0x4892CF8: readline (in /usr/lib/x86_64-linux-gnu/libreadline.so.8.1)
==1607050==    by 0x4026A9: read_interactive_input (in /sgoinfre/goinfre/Perso/shutan/minishell/minishell)
==1607050==    by 0x40266C: read_input (in /sgoinfre/goinfre/Perso/shutan/minishell/minishell)
==1607050==    by 0x402900: process_interactive_input (in /sgoinfre/goinfre/Perso/shutan/minishell/minishell)
==1607050==    by 0x4029D2: handle_input_loop (in /sgoinfre/goinfre/Perso/shutan/minishell/minishell)
==1607050==    by 0x402400: main (in /sgoinfre/goinfre/Perso/shutan/minishell/minishell)
==1607050== 
==1607050== 1,024 bytes in 1 blocks are still reachable in loss record 30 of 62
==1607050==    at 0x4848899: malloc (in /usr/libexec/valgrind/vgpreload_memcheck-amd64-linux.so)
==1607050==    by 0x48AB4A7: xrealloc (in /usr/lib/x86_64-linux-gnu/libreadline.so.8.1)
==1607050==    by 0x4894CBB: ??? (in /usr/lib/x86_64-linux-gnu/libreadline.so.8.1)
==1607050==    by 0x4894D67: ??? (in /usr/lib/x86_64-linux-gnu/libreadline.so.8.1)
==1607050==    by 0x489DC7E: rl_redisplay (in /usr/lib/x86_64-linux-gnu/libreadline.so.8.1)
==1607050==    by 0x4888458: readline_internal_setup (in /usr/lib/x86_64-linux-gnu/libreadline.so.8.1)
==1607050==    by 0x4892CF8: readline (in /usr/lib/x86_64-linux-gnu/libreadline.so.8.1)
==1607050==    by 0x4026A9: read_interactive_input (in /sgoinfre/goinfre/Perso/shutan/minishell/minishell)
==1607050==    by 0x40266C: read_input (in /sgoinfre/goinfre/Perso/shutan/minishell/minishell)
==1607050==    by 0x402900: process_interactive_input (in /sgoinfre/goinfre/Perso/shutan/minishell/minishell)
==1607050==    by 0x4029D2: handle_input_loop (in /sgoinfre/goinfre/Perso/shutan/minishell/minishell)
==1607050==    by 0x402400: main (in /sgoinfre/goinfre/Perso/shutan/minishell/minishell)
==1607050== 
==1607050== 1,024 bytes in 1 blocks are still reachable in loss record 31 of 62
==1607050==    at 0x4848899: malloc (in /usr/libexec/valgrind/vgpreload_memcheck-amd64-linux.so)
==1607050==    by 0x48AABAC: xmalloc (in /usr/lib/x86_64-linux-gnu/libreadline.so.8.1)
==1607050==    by 0x4894DC5: ??? (in /usr/lib/x86_64-linux-gnu/libreadline.so.8.1)
==1607050==    by 0x489DC7E: rl_redisplay (in /usr/lib/x86_64-linux-gnu/libreadline.so.8.1)
==1607050==    by 0x4888458: readline_internal_setup (in /usr/lib/x86_64-linux-gnu/libreadline.so.8.1)
==1607050==    by 0x4892CF8: readline (in /usr/lib/x86_64-linux-gnu/libreadline.so.8.1)
==1607050==    by 0x4026A9: read_interactive_input (in /sgoinfre/goinfre/Perso/shutan/minishell/minishell)
==1607050==    by 0x40266C: read_input (in /sgoinfre/goinfre/Perso/shutan/minishell/minishell)
==1607050==    by 0x402900: process_interactive_input (in /sgoinfre/goinfre/Perso/shutan/minishell/minishell)
==1607050==    by 0x4029D2: handle_input_loop (in /sgoinfre/goinfre/Perso/shutan/minishell/minishell)
==1607050==    by 0x402400: main (in /sgoinfre/goinfre/Perso/shutan/minishell/minishell)
==1607050== 
==1607050== 1,024 bytes in 1 blocks are still reachable in loss record 32 of 62
==1607050==    at 0x4848899: malloc (in /usr/libexec/valgrind/vgpreload_memcheck-amd64-linux.so)
==1607050==    by 0x48AABAC: xmalloc (in /usr/lib/x86_64-linux-gnu/libreadline.so.8.1)
==1607050==    by 0x4894DDA: ??? (in /usr/lib/x86_64-linux-gnu/libreadline.so.8.1)
==1607050==    by 0x489DC7E: rl_redisplay (in /usr/lib/x86_64-linux-gnu/libreadline.so.8.1)
==1607050==    by 0x4888458: readline_internal_setup (in /usr/lib/x86_64-linux-gnu/libreadline.so.8.1)
==1607050==    by 0x4892CF8: readline (in /usr/lib/x86_64-linux-gnu/libreadline.so.8.1)
==1607050==    by 0x4026A9: read_interactive_input (in /sgoinfre/goinfre/Perso/shutan/minishell/minishell)
==1607050==    by 0x40266C: read_input (in /sgoinfre/goinfre/Perso/shutan/minishell/minishell)
==1607050==    by 0x402900: process_interactive_input (in /sgoinfre/goinfre/Perso/shutan/minishell/minishell)
==1607050==    by 0x4029D2: handle_input_loop (in /sgoinfre/goinfre/Perso/shutan/minishell/minishell)
==1607050==    by 0x402400: main (in /sgoinfre/goinfre/Perso/shutan/minishell/minishell)
==1607050== 
==1607050== 1,024 bytes in 1 blocks are still reachable in loss record 33 of 62
==1607050==    at 0x4848899: malloc (in /usr/libexec/valgrind/vgpreload_memcheck-amd64-linux.so)
==1607050==    by 0x48AABAC: xmalloc (in /usr/lib/x86_64-linux-gnu/libreadline.so.8.1)
==1607050==    by 0x4894DE8: ??? (in /usr/lib/x86_64-linux-gnu/libreadline.so.8.1)
==1607050==    by 0x489DC7E: rl_redisplay (in /usr/lib/x86_64-linux-gnu/libreadline.so.8.1)
==1607050==    by 0x4888458: readline_internal_setup (in /usr/lib/x86_64-linux-gnu/libreadline.so.8.1)
==1607050==    by 0x4892CF8: readline (in /usr/lib/x86_64-linux-gnu/libreadline.so.8.1)
==1607050==    by 0x4026A9: read_interactive_input (in /sgoinfre/goinfre/Perso/shutan/minishell/minishell)
==1607050==    by 0x40266C: read_input (in /sgoinfre/goinfre/Perso/shutan/minishell/minishell)
==1607050==    by 0x402900: process_interactive_input (in /sgoinfre/goinfre/Perso/shutan/minishell/minishell)
==1607050==    by 0x4029D2: handle_input_loop (in /sgoinfre/goinfre/Perso/shutan/minishell/minishell)
==1607050==    by 0x402400: main (in /sgoinfre/goinfre/Perso/shutan/minishell/minishell)
==1607050== 
==1607050== 1,024 bytes in 1 blocks are still reachable in loss record 34 of 62
==1607050==    at 0x4848899: malloc (in /usr/libexec/valgrind/vgpreload_memcheck-amd64-linux.so)
==1607050==    by 0x48AABAC: xmalloc (in /usr/lib/x86_64-linux-gnu/libreadline.so.8.1)
==1607050==    by 0x4894DF6: ??? (in /usr/lib/x86_64-linux-gnu/libreadline.so.8.1)
==1607050==    by 0x489DC7E: rl_redisplay (in /usr/lib/x86_64-linux-gnu/libreadline.so.8.1)
==1607050==    by 0x4888458: readline_internal_setup (in /usr/lib/x86_64-linux-gnu/libreadline.so.8.1)
==1607050==    by 0x4892CF8: readline (in /usr/lib/x86_64-linux-gnu/libreadline.so.8.1)
==1607050==    by 0x4026A9: read_interactive_input (in /sgoinfre/goinfre/Perso/shutan/minishell/minishell)
==1607050==    by 0x40266C: read_input (in /sgoinfre/goinfre/Perso/shutan/minishell/minishell)
==1607050==    by 0x402900: process_interactive_input (in /sgoinfre/goinfre/Perso/shutan/minishell/minishell)
==1607050==    by 0x4029D2: handle_input_loop (in /sgoinfre/goinfre/Perso/shutan/minishell/minishell)
==1607050==    by 0x402400: main (in /sgoinfre/goinfre/Perso/shutan/minishell/minishell)
==1607050== 
==1607050== 1,536 bytes in 1 blocks are still reachable in loss record 35 of 62
==1607050==    at 0x484DCD3: realloc (in /usr/libexec/valgrind/vgpreload_memcheck-amd64-linux.so)
==1607050==    by 0x48AB491: xrealloc (in /usr/lib/x86_64-linux-gnu/libreadline.so.8.1)
==1607050==    by 0x4888877: rl_add_funmap_entry (in /usr/lib/x86_64-linux-gnu/libreadline.so.8.1)
==1607050==    by 0x48888C8: rl_initialize_funmap (in /usr/lib/x86_64-linux-gnu/libreadline.so.8.1)
==1607050==    by 0x4892A2C: rl_initialize (in /usr/lib/x86_64-linux-gnu/libreadline.so.8.1)
==1607050==    by 0x4892CD4: readline (in /usr/lib/x86_64-linux-gnu/libreadline.so.8.1)
==1607050==    by 0x4026A9: read_interactive_input (in /sgoinfre/goinfre/Perso/shutan/minishell/minishell)
==1607050==    by 0x40266C: read_input (in /sgoinfre/goinfre/Perso/shutan/minishell/minishell)
==1607050==    by 0x402900: process_interactive_input (in /sgoinfre/goinfre/Perso/shutan/minishell/minishell)
==1607050==    by 0x4029D2: handle_input_loop (in /sgoinfre/goinfre/Perso/shutan/minishell/minishell)
==1607050==    by 0x402400: main (in /sgoinfre/goinfre/Perso/shutan/minishell/minishell)
==1607050== 
==1607050== 1,664 bytes in 1 blocks are still reachable in loss record 36 of 62
==1607050==    at 0x4848899: malloc (in /usr/libexec/valgrind/vgpreload_memcheck-amd64-linux.so)
==1607050==    by 0x4B08ACD: _nc_read_termtype (in /usr/lib/x86_64-linux-gnu/libtinfo.so.6.3)
==1607050==    by 0x4B0952A: ??? (in /usr/lib/x86_64-linux-gnu/libtinfo.so.6.3)
==1607050==    by 0x4B0BC40: ??? (in /usr/lib/x86_64-linux-gnu/libtinfo.so.6.3)
==1607050==    by 0x4B096BB: _nc_read_entry2 (in /usr/lib/x86_64-linux-gnu/libtinfo.so.6.3)
==1607050==    by 0x4B09711: ??? (in /usr/lib/x86_64-linux-gnu/libtinfo.so.6.3)
==1607050==    by 0x4B09866: _nc_setupterm (in /usr/lib/x86_64-linux-gnu/libtinfo.so.6.3)
==1607050==    by 0x4B0A4C9: tgetent_sp (in /usr/lib/x86_64-linux-gnu/libtinfo.so.6.3)
==1607050==    by 0x48A61CD: _rl_init_terminal_io (in /usr/lib/x86_64-linux-gnu/libreadline.so.8.1)
==1607050==    by 0x4892A0F: rl_initialize (in /usr/lib/x86_64-linux-gnu/libreadline.so.8.1)
==1607050==    by 0x4892CD4: readline (in /usr/lib/x86_64-linux-gnu/libreadline.so.8.1)
==1607050==    by 0x4026A9: read_interactive_input (in /sgoinfre/goinfre/Perso/shutan/minishell/minishell)
==1607050== 
==1607050== 2,032 bytes in 1 blocks are still reachable in loss record 37 of 62
==1607050==    at 0x4848899: malloc (in /usr/libexec/valgrind/vgpreload_memcheck-amd64-linux.so)
==1607050==    by 0x48AABAC: xmalloc (in /usr/lib/x86_64-linux-gnu/libreadline.so.8.1)
==1607050==    by 0x48A6419: _rl_init_terminal_io (in /usr/lib/x86_64-linux-gnu/libreadline.so.8.1)
==1607050==    by 0x4892A0F: rl_initialize (in /usr/lib/x86_64-linux-gnu/libreadline.so.8.1)
==1607050==    by 0x4892CD4: readline (in /usr/lib/x86_64-linux-gnu/libreadline.so.8.1)
==1607050==    by 0x4026A9: read_interactive_input (in /sgoinfre/goinfre/Perso/shutan/minishell/minishell)
==1607050==    by 0x40266C: read_input (in /sgoinfre/goinfre/Perso/shutan/minishell/minishell)
==1607050==    by 0x402900: process_interactive_input (in /sgoinfre/goinfre/Perso/shutan/minishell/minishell)
==1607050==    by 0x4029D2: handle_input_loop (in /sgoinfre/goinfre/Perso/shutan/minishell/minishell)
==1607050==    by 0x402400: main (in /sgoinfre/goinfre/Perso/shutan/minishell/minishell)
==1607050== 
==1607050== 2,240 bytes in 140 blocks are still reachable in loss record 38 of 62
==1607050==    at 0x4848899: malloc (in /usr/libexec/valgrind/vgpreload_memcheck-amd64-linux.so)
==1607050==    by 0x48AABAC: xmalloc (in /usr/lib/x86_64-linux-gnu/libreadline.so.8.1)
==1607050==    by 0x4888822: rl_add_funmap_entry (in /usr/lib/x86_64-linux-gnu/libreadline.so.8.1)
==1607050==    by 0x48888C8: rl_initialize_funmap (in /usr/lib/x86_64-linux-gnu/libreadline.so.8.1)
==1607050==    by 0x4892A2C: rl_initialize (in /usr/lib/x86_64-linux-gnu/libreadline.so.8.1)
==1607050==    by 0x4892CD4: readline (in /usr/lib/x86_64-linux-gnu/libreadline.so.8.1)
==1607050==    by 0x4026A9: read_interactive_input (in /sgoinfre/goinfre/Perso/shutan/minishell/minishell)
==1607050==    by 0x40266C: read_input (in /sgoinfre/goinfre/Perso/shutan/minishell/minishell)
==1607050==    by 0x402900: process_interactive_input (in /sgoinfre/goinfre/Perso/shutan/minishell/minishell)
==1607050==    by 0x4029D2: handle_input_loop (in /sgoinfre/goinfre/Perso/shutan/minishell/minishell)
==1607050==    by 0x402400: main (in /sgoinfre/goinfre/Perso/shutan/minishell/minishell)
==1607050== 
==1607050== 3,904 bytes in 1 blocks are still reachable in loss record 39 of 62
==1607050==    at 0x484DCD3: realloc (in /usr/libexec/valgrind/vgpreload_memcheck-amd64-linux.so)
==1607050==    by 0x4AFE6CC: _nc_doalloc (in /usr/lib/x86_64-linux-gnu/libtinfo.so.6.3)
==1607050==    by 0x4B091B5: _nc_read_termtype (in /usr/lib/x86_64-linux-gnu/libtinfo.so.6.3)
==1607050==    by 0x4B0952A: ??? (in /usr/lib/x86_64-linux-gnu/libtinfo.so.6.3)
==1607050==    by 0x4B0BC40: ??? (in /usr/lib/x86_64-linux-gnu/libtinfo.so.6.3)
==1607050==    by 0x4B096BB: _nc_read_entry2 (in /usr/lib/x86_64-linux-gnu/libtinfo.so.6.3)
==1607050==    by 0x4B09711: ??? (in /usr/lib/x86_64-linux-gnu/libtinfo.so.6.3)
==1607050==    by 0x4B09866: _nc_setupterm (in /usr/lib/x86_64-linux-gnu/libtinfo.so.6.3)
==1607050==    by 0x4B0A4C9: tgetent_sp (in /usr/lib/x86_64-linux-gnu/libtinfo.so.6.3)
==1607050==    by 0x48A61CD: _rl_init_terminal_io (in /usr/lib/x86_64-linux-gnu/libreadline.so.8.1)
==1607050==    by 0x4892A0F: rl_initialize (in /usr/lib/x86_64-linux-gnu/libreadline.so.8.1)
==1607050==    by 0x4892CD4: readline (in /usr/lib/x86_64-linux-gnu/libreadline.so.8.1)
==1607050== 
==1607050== 3,904 bytes in 1 blocks are still reachable in loss record 40 of 62
==1607050==    at 0x4848899: malloc (in /usr/libexec/valgrind/vgpreload_memcheck-amd64-linux.so)
==1607050==    by 0x4AFDFFF: ??? (in /usr/lib/x86_64-linux-gnu/libtinfo.so.6.3)
==1607050==    by 0x4B0987D: _nc_setupterm (in /usr/lib/x86_64-linux-gnu/libtinfo.so.6.3)
==1607050==    by 0x4B0A4C9: tgetent_sp (in /usr/lib/x86_64-linux-gnu/libtinfo.so.6.3)
==1607050==    by 0x48A61CD: _rl_init_terminal_io (in /usr/lib/x86_64-linux-gnu/libreadline.so.8.1)
==1607050==    by 0x4892A0F: rl_initialize (in /usr/lib/x86_64-linux-gnu/libreadline.so.8.1)
==1607050==    by 0x4892CD4: readline (in /usr/lib/x86_64-linux-gnu/libreadline.so.8.1)
==1607050==    by 0x4026A9: read_interactive_input (in /sgoinfre/goinfre/Perso/shutan/minishell/minishell)
==1607050==    by 0x40266C: read_input (in /sgoinfre/goinfre/Perso/shutan/minishell/minishell)
==1607050==    by 0x402900: process_interactive_input (in /sgoinfre/goinfre/Perso/shutan/minishell/minishell)
==1607050==    by 0x4029D2: handle_input_loop (in /sgoinfre/goinfre/Perso/shutan/minishell/minishell)
==1607050==    by 0x402400: main (in /sgoinfre/goinfre/Perso/shutan/minishell/minishell)
==1607050== 
==1607050== 4,080 bytes in 1 blocks are still reachable in loss record 41 of 62
==1607050==    at 0x4848899: malloc (in /usr/libexec/valgrind/vgpreload_memcheck-amd64-linux.so)
==1607050==    by 0x48AABAC: xmalloc (in /usr/lib/x86_64-linux-gnu/libreadline.so.8.1)
==1607050==    by 0x48A63F9: _rl_init_terminal_io (in /usr/lib/x86_64-linux-gnu/libreadline.so.8.1)
==1607050==    by 0x4892A0F: rl_initialize (in /usr/lib/x86_64-linux-gnu/libreadline.so.8.1)
==1607050==    by 0x4892CD4: readline (in /usr/lib/x86_64-linux-gnu/libreadline.so.8.1)
==1607050==    by 0x4026A9: read_interactive_input (in /sgoinfre/goinfre/Perso/shutan/minishell/minishell)
==1607050==    by 0x40266C: read_input (in /sgoinfre/goinfre/Perso/shutan/minishell/minishell)
==1607050==    by 0x402900: process_interactive_input (in /sgoinfre/goinfre/Perso/shutan/minishell/minishell)
==1607050==    by 0x4029D2: handle_input_loop (in /sgoinfre/goinfre/Perso/shutan/minishell/minishell)
==1607050==    by 0x402400: main (in /sgoinfre/goinfre/Perso/shutan/minishell/minishell)
==1607050== 
==1607050== 4,112 bytes in 1 blocks are still reachable in loss record 42 of 62
==1607050==    at 0x4848899: malloc (in /usr/libexec/valgrind/vgpreload_memcheck-amd64-linux.so)
==1607050==    by 0x48AABAC: xmalloc (in /usr/lib/x86_64-linux-gnu/libreadline.so.8.1)
==1607050==    by 0x4887251: rl_make_bare_keymap (in /usr/lib/x86_64-linux-gnu/libreadline.so.8.1)
==1607050==    by 0x4887B6A: rl_generic_bind (in /usr/lib/x86_64-linux-gnu/libreadline.so.8.1)
==1607050==    by 0x489275D: rl_bind_keyseq_if_unbound_in_map (in /usr/lib/x86_64-linux-gnu/libreadline.so.8.1)
==1607050==    by 0x48A5DD5: ??? (in /usr/lib/x86_64-linux-gnu/libreadline.so.8.1)
==1607050==    by 0x48A631F: _rl_init_terminal_io (in /usr/lib/x86_64-linux-gnu/libreadline.so.8.1)
==1607050==    by 0x4892A0F: rl_initialize (in /usr/lib/x86_64-linux-gnu/libreadline.so.8.1)
==1607050==    by 0x4892CD4: readline (in /usr/lib/x86_64-linux-gnu/libreadline.so.8.1)
==1607050==    by 0x4026A9: read_interactive_input (in /sgoinfre/goinfre/Perso/shutan/minishell/minishell)
==1607050==    by 0x40266C: read_input (in /sgoinfre/goinfre/Perso/shutan/minishell/minishell)
==1607050==    by 0x402900: process_interactive_input (in /sgoinfre/goinfre/Perso/shutan/minishell/minishell)
==1607050== 
==1607050== 4,112 bytes in 1 blocks are still reachable in loss record 43 of 62
==1607050==    at 0x4848899: malloc (in /usr/libexec/valgrind/vgpreload_memcheck-amd64-linux.so)
==1607050==    by 0x48AABAC: xmalloc (in /usr/lib/x86_64-linux-gnu/libreadline.so.8.1)
==1607050==    by 0x4887251: rl_make_bare_keymap (in /usr/lib/x86_64-linux-gnu/libreadline.so.8.1)
==1607050==    by 0x4887B6A: rl_generic_bind (in /usr/lib/x86_64-linux-gnu/libreadline.so.8.1)
==1607050==    by 0x489275D: rl_bind_keyseq_if_unbound_in_map (in /usr/lib/x86_64-linux-gnu/libreadline.so.8.1)
==1607050==    by 0x48A5E5A: ??? (in /usr/lib/x86_64-linux-gnu/libreadline.so.8.1)
==1607050==    by 0x48A631F: _rl_init_terminal_io (in /usr/lib/x86_64-linux-gnu/libreadline.so.8.1)
==1607050==    by 0x4892A0F: rl_initialize (in /usr/lib/x86_64-linux-gnu/libreadline.so.8.1)
==1607050==    by 0x4892CD4: readline (in /usr/lib/x86_64-linux-gnu/libreadline.so.8.1)
==1607050==    by 0x4026A9: read_interactive_input (in /sgoinfre/goinfre/Perso/shutan/minishell/minishell)
==1607050==    by 0x40266C: read_input (in /sgoinfre/goinfre/Perso/shutan/minishell/minishell)
==1607050==    by 0x402900: process_interactive_input (in /sgoinfre/goinfre/Perso/shutan/minishell/minishell)
==1607050== 
==1607050== 4,112 bytes in 1 blocks are still reachable in loss record 44 of 62
==1607050==    at 0x4848899: malloc (in /usr/libexec/valgrind/vgpreload_memcheck-amd64-linux.so)
==1607050==    by 0x48AABAC: xmalloc (in /usr/lib/x86_64-linux-gnu/libreadline.so.8.1)
==1607050==    by 0x4887251: rl_make_bare_keymap (in /usr/lib/x86_64-linux-gnu/libreadline.so.8.1)
==1607050==    by 0x4887B6A: rl_generic_bind (in /usr/lib/x86_64-linux-gnu/libreadline.so.8.1)
==1607050==    by 0x489275D: rl_bind_keyseq_if_unbound_in_map (in /usr/lib/x86_64-linux-gnu/libreadline.so.8.1)
==1607050==    by 0x48A5E5A: ??? (in /usr/lib/x86_64-linux-gnu/libreadline.so.8.1)
==1607050==    by 0x48A632B: _rl_init_terminal_io (in /usr/lib/x86_64-linux-gnu/libreadline.so.8.1)
==1607050==    by 0x4892A0F: rl_initialize (in /usr/lib/x86_64-linux-gnu/libreadline.so.8.1)
==1607050==    by 0x4892CD4: readline (in /usr/lib/x86_64-linux-gnu/libreadline.so.8.1)
==1607050==    by 0x4026A9: read_interactive_input (in /sgoinfre/goinfre/Perso/shutan/minishell/minishell)
==1607050==    by 0x40266C: read_input (in /sgoinfre/goinfre/Perso/shutan/minishell/minishell)
==1607050==    by 0x402900: process_interactive_input (in /sgoinfre/goinfre/Perso/shutan/minishell/minishell)
==1607050== 
==1607050== 4,112 bytes in 1 blocks are still reachable in loss record 45 of 62
==1607050==    at 0x4848899: malloc (in /usr/libexec/valgrind/vgpreload_memcheck-amd64-linux.so)
==1607050==    by 0x48AABAC: xmalloc (in /usr/lib/x86_64-linux-gnu/libreadline.so.8.1)
==1607050==    by 0x4887251: rl_make_bare_keymap (in /usr/lib/x86_64-linux-gnu/libreadline.so.8.1)
==1607050==    by 0x4887B6A: rl_generic_bind (in /usr/lib/x86_64-linux-gnu/libreadline.so.8.1)
==1607050==    by 0x489275D: rl_bind_keyseq_if_unbound_in_map (in /usr/lib/x86_64-linux-gnu/libreadline.so.8.1)
==1607050==    by 0x48A5E5A: ??? (in /usr/lib/x86_64-linux-gnu/libreadline.so.8.1)
==1607050==    by 0x48A6337: _rl_init_terminal_io (in /usr/lib/x86_64-linux-gnu/libreadline.so.8.1)
==1607050==    by 0x4892A0F: rl_initialize (in /usr/lib/x86_64-linux-gnu/libreadline.so.8.1)
==1607050==    by 0x4892CD4: readline (in /usr/lib/x86_64-linux-gnu/libreadline.so.8.1)
==1607050==    by 0x4026A9: read_interactive_input (in /sgoinfre/goinfre/Perso/shutan/minishell/minishell)
==1607050==    by 0x40266C: read_input (in /sgoinfre/goinfre/Perso/shutan/minishell/minishell)
==1607050==    by 0x402900: process_interactive_input (in /sgoinfre/goinfre/Perso/shutan/minishell/minishell)
==1607050== 
==1607050== 4,112 bytes in 1 blocks are still reachable in loss record 46 of 62
==1607050==    at 0x4848899: malloc (in /usr/libexec/valgrind/vgpreload_memcheck-amd64-linux.so)
==1607050==    by 0x48AABAC: xmalloc (in /usr/lib/x86_64-linux-gnu/libreadline.so.8.1)
==1607050==    by 0x4887251: rl_make_bare_keymap (in /usr/lib/x86_64-linux-gnu/libreadline.so.8.1)
==1607050==    by 0x4887B6A: rl_generic_bind (in /usr/lib/x86_64-linux-gnu/libreadline.so.8.1)
==1607050==    by 0x489275D: rl_bind_keyseq_if_unbound_in_map (in /usr/lib/x86_64-linux-gnu/libreadline.so.8.1)
==1607050==    by 0x489294C: ??? (in /usr/lib/x86_64-linux-gnu/libreadline.so.8.1)
==1607050==    by 0x4892A84: rl_initialize (in /usr/lib/x86_64-linux-gnu/libreadline.so.8.1)
==1607050==    by 0x4892CD4: readline (in /usr/lib/x86_64-linux-gnu/libreadline.so.8.1)
==1607050==    by 0x4026A9: read_interactive_input (in /sgoinfre/goinfre/Perso/shutan/minishell/minishell)
==1607050==    by 0x40266C: read_input (in /sgoinfre/goinfre/Perso/shutan/minishell/minishell)
==1607050==    by 0x402900: process_interactive_input (in /sgoinfre/goinfre/Perso/shutan/minishell/minishell)
==1607050==    by 0x4029D2: handle_input_loop (in /sgoinfre/goinfre/Perso/shutan/minishell/minishell)
==1607050== 
==1607050== 4,112 bytes in 1 blocks are still reachable in loss record 47 of 62
==1607050==    at 0x4848899: malloc (in /usr/libexec/valgrind/vgpreload_memcheck-amd64-linux.so)
==1607050==    by 0x48AABAC: xmalloc (in /usr/lib/x86_64-linux-gnu/libreadline.so.8.1)
==1607050==    by 0x4887251: rl_make_bare_keymap (in /usr/lib/x86_64-linux-gnu/libreadline.so.8.1)
==1607050==    by 0x4887B6A: rl_generic_bind (in /usr/lib/x86_64-linux-gnu/libreadline.so.8.1)
==1607050==    by 0x489275D: rl_bind_keyseq_if_unbound_in_map (in /usr/lib/x86_64-linux-gnu/libreadline.so.8.1)
==1607050==    by 0x489294C: ??? (in /usr/lib/x86_64-linux-gnu/libreadline.so.8.1)
==1607050==    by 0x4892A93: rl_initialize (in /usr/lib/x86_64-linux-gnu/libreadline.so.8.1)
==1607050==    by 0x4892CD4: readline (in /usr/lib/x86_64-linux-gnu/libreadline.so.8.1)
==1607050==    by 0x4026A9: read_interactive_input (in /sgoinfre/goinfre/Perso/shutan/minishell/minishell)
==1607050==    by 0x40266C: read_input (in /sgoinfre/goinfre/Perso/shutan/minishell/minishell)
==1607050==    by 0x402900: process_interactive_input (in /sgoinfre/goinfre/Perso/shutan/minishell/minishell)
==1607050==    by 0x4029D2: handle_input_loop (in /sgoinfre/goinfre/Perso/shutan/minishell/minishell)
==1607050== 
==1607050== 4,112 bytes in 1 blocks are still reachable in loss record 48 of 62
==1607050==    at 0x4848899: malloc (in /usr/libexec/valgrind/vgpreload_memcheck-amd64-linux.so)
==1607050==    by 0x48AABAC: xmalloc (in /usr/lib/x86_64-linux-gnu/libreadline.so.8.1)
==1607050==    by 0x4887251: rl_make_bare_keymap (in /usr/lib/x86_64-linux-gnu/libreadline.so.8.1)
==1607050==    by 0x4887B6A: rl_generic_bind (in /usr/lib/x86_64-linux-gnu/libreadline.so.8.1)
==1607050==    by 0x489275D: rl_bind_keyseq_if_unbound_in_map (in /usr/lib/x86_64-linux-gnu/libreadline.so.8.1)
==1607050==    by 0x489294C: ??? (in /usr/lib/x86_64-linux-gnu/libreadline.so.8.1)
==1607050==    by 0x4892AB8: rl_initialize (in /usr/lib/x86_64-linux-gnu/libreadline.so.8.1)
==1607050==    by 0x4892CD4: readline (in /usr/lib/x86_64-linux-gnu/libreadline.so.8.1)
==1607050==    by 0x4026A9: read_interactive_input (in /sgoinfre/goinfre/Perso/shutan/minishell/minishell)
==1607050==    by 0x40266C: read_input (in /sgoinfre/goinfre/Perso/shutan/minishell/minishell)
==1607050==    by 0x402900: process_interactive_input (in /sgoinfre/goinfre/Perso/shutan/minishell/minishell)
==1607050==    by 0x4029D2: handle_input_loop (in /sgoinfre/goinfre/Perso/shutan/minishell/minishell)
==1607050== 
==1607050== 7,952 bytes in 1 blocks are still reachable in loss record 49 of 62
==1607050==    at 0x484DA83: calloc (in /usr/libexec/valgrind/vgpreload_memcheck-amd64-linux.so)
==1607050==    by 0x4AFCC97: ??? (in /usr/lib/x86_64-linux-gnu/libtinfo.so.6.3)
==1607050==    by 0x4AFE3AF: _nc_find_type_entry (in /usr/lib/x86_64-linux-gnu/libtinfo.so.6.3)
==1607050==    by 0x4B00E4C: tgetstr_sp (in /usr/lib/x86_64-linux-gnu/libtinfo.so.6.3)
==1607050==    by 0x48A621A: _rl_init_terminal_io (in /usr/lib/x86_64-linux-gnu/libreadline.so.8.1)
==1607050==    by 0x4892A0F: rl_initialize (in /usr/lib/x86_64-linux-gnu/libreadline.so.8.1)
==1607050==    by 0x4892CD4: readline (in /usr/lib/x86_64-linux-gnu/libreadline.so.8.1)
==1607050==    by 0x4026A9: read_interactive_input (in /sgoinfre/goinfre/Perso/shutan/minishell/minishell)
==1607050==    by 0x40266C: read_input (in /sgoinfre/goinfre/Perso/shutan/minishell/minishell)
==1607050==    by 0x402900: process_interactive_input (in /sgoinfre/goinfre/Perso/shutan/minishell/minishell)
==1607050==    by 0x4029D2: handle_input_loop (in /sgoinfre/goinfre/Perso/shutan/minishell/minishell)
==1607050==    by 0x402400: main (in /sgoinfre/goinfre/Perso/shutan/minishell/minishell)
==1607050== 
==1607050== 8,224 bytes in 2 blocks are still reachable in loss record 50 of 62
==1607050==    at 0x4848899: malloc (in /usr/libexec/valgrind/vgpreload_memcheck-amd64-linux.so)
==1607050==    by 0x48AABAC: xmalloc (in /usr/lib/x86_64-linux-gnu/libreadline.so.8.1)
==1607050==    by 0x4887251: rl_make_bare_keymap (in /usr/lib/x86_64-linux-gnu/libreadline.so.8.1)
==1607050==    by 0x4887B6A: rl_generic_bind (in /usr/lib/x86_64-linux-gnu/libreadline.so.8.1)
==1607050==    by 0x489275D: rl_bind_keyseq_if_unbound_in_map (in /usr/lib/x86_64-linux-gnu/libreadline.so.8.1)
==1607050==    by 0x48A5E47: ??? (in /usr/lib/x86_64-linux-gnu/libreadline.so.8.1)
==1607050==    by 0x48A631F: _rl_init_terminal_io (in /usr/lib/x86_64-linux-gnu/libreadline.so.8.1)
==1607050==    by 0x4892A0F: rl_initialize (in /usr/lib/x86_64-linux-gnu/libreadline.so.8.1)
==1607050==    by 0x4892CD4: readline (in /usr/lib/x86_64-linux-gnu/libreadline.so.8.1)
==1607050==    by 0x4026A9: read_interactive_input (in /sgoinfre/goinfre/Perso/shutan/minishell/minishell)
==1607050==    by 0x40266C: read_input (in /sgoinfre/goinfre/Perso/shutan/minishell/minishell)
==1607050==    by 0x402900: process_interactive_input (in /sgoinfre/goinfre/Perso/shutan/minishell/minishell)
==1607050== 
==1607050== 8,224 bytes in 2 blocks are still reachable in loss record 51 of 62
==1607050==    at 0x4848899: malloc (in /usr/libexec/valgrind/vgpreload_memcheck-amd64-linux.so)
==1607050==    by 0x48AABAC: xmalloc (in /usr/lib/x86_64-linux-gnu/libreadline.so.8.1)
==1607050==    by 0x4887251: rl_make_bare_keymap (in /usr/lib/x86_64-linux-gnu/libreadline.so.8.1)
==1607050==    by 0x4887B6A: rl_generic_bind (in /usr/lib/x86_64-linux-gnu/libreadline.so.8.1)
==1607050==    by 0x489275D: rl_bind_keyseq_if_unbound_in_map (in /usr/lib/x86_64-linux-gnu/libreadline.so.8.1)
==1607050==    by 0x48A5DD5: ??? (in /usr/lib/x86_64-linux-gnu/libreadline.so.8.1)
==1607050==    by 0x48A632B: _rl_init_terminal_io (in /usr/lib/x86_64-linux-gnu/libreadline.so.8.1)
==1607050==    by 0x4892A0F: rl_initialize (in /usr/lib/x86_64-linux-gnu/libreadline.so.8.1)
==1607050==    by 0x4892CD4: readline (in /usr/lib/x86_64-linux-gnu/libreadline.so.8.1)
==1607050==    by 0x4026A9: read_interactive_input (in /sgoinfre/goinfre/Perso/shutan/minishell/minishell)
==1607050==    by 0x40266C: read_input (in /sgoinfre/goinfre/Perso/shutan/minishell/minishell)
==1607050==    by 0x402900: process_interactive_input (in /sgoinfre/goinfre/Perso/shutan/minishell/minishell)
==1607050== 
==1607050== 8,224 bytes in 2 blocks are still reachable in loss record 52 of 62
==1607050==    at 0x4848899: malloc (in /usr/libexec/valgrind/vgpreload_memcheck-amd64-linux.so)
==1607050==    by 0x48AABAC: xmalloc (in /usr/lib/x86_64-linux-gnu/libreadline.so.8.1)
==1607050==    by 0x4887251: rl_make_bare_keymap (in /usr/lib/x86_64-linux-gnu/libreadline.so.8.1)
==1607050==    by 0x4887B6A: rl_generic_bind (in /usr/lib/x86_64-linux-gnu/libreadline.so.8.1)
==1607050==    by 0x489275D: rl_bind_keyseq_if_unbound_in_map (in /usr/lib/x86_64-linux-gnu/libreadline.so.8.1)
==1607050==    by 0x48A5E47: ??? (in /usr/lib/x86_64-linux-gnu/libreadline.so.8.1)
==1607050==    by 0x48A632B: _rl_init_terminal_io (in /usr/lib/x86_64-linux-gnu/libreadline.so.8.1)
==1607050==    by 0x4892A0F: rl_initialize (in /usr/lib/x86_64-linux-gnu/libreadline.so.8.1)
==1607050==    by 0x4892CD4: readline (in /usr/lib/x86_64-linux-gnu/libreadline.so.8.1)
==1607050==    by 0x4026A9: read_interactive_input (in /sgoinfre/goinfre/Perso/shutan/minishell/minishell)
==1607050==    by 0x40266C: read_input (in /sgoinfre/goinfre/Perso/shutan/minishell/minishell)
==1607050==    by 0x402900: process_interactive_input (in /sgoinfre/goinfre/Perso/shutan/minishell/minishell)
==1607050== 
==1607050== 8,224 bytes in 2 blocks are still reachable in loss record 53 of 62
==1607050==    at 0x4848899: malloc (in /usr/libexec/valgrind/vgpreload_memcheck-amd64-linux.so)
==1607050==    by 0x48AABAC: xmalloc (in /usr/lib/x86_64-linux-gnu/libreadline.so.8.1)
==1607050==    by 0x4887251: rl_make_bare_keymap (in /usr/lib/x86_64-linux-gnu/libreadline.so.8.1)
==1607050==    by 0x4887B6A: rl_generic_bind (in /usr/lib/x86_64-linux-gnu/libreadline.so.8.1)
==1607050==    by 0x489275D: rl_bind_keyseq_if_unbound_in_map (in /usr/lib/x86_64-linux-gnu/libreadline.so.8.1)
==1607050==    by 0x48A5DD5: ??? (in /usr/lib/x86_64-linux-gnu/libreadline.so.8.1)
==1607050==    by 0x48A6337: _rl_init_terminal_io (in /usr/lib/x86_64-linux-gnu/libreadline.so.8.1)
==1607050==    by 0x4892A0F: rl_initialize (in /usr/lib/x86_64-linux-gnu/libreadline.so.8.1)
==1607050==    by 0x4892CD4: readline (in /usr/lib/x86_64-linux-gnu/libreadline.so.8.1)
==1607050==    by 0x4026A9: read_interactive_input (in /sgoinfre/goinfre/Perso/shutan/minishell/minishell)
==1607050==    by 0x40266C: read_input (in /sgoinfre/goinfre/Perso/shutan/minishell/minishell)
==1607050==    by 0x402900: process_interactive_input (in /sgoinfre/goinfre/Perso/shutan/minishell/minishell)
==1607050== 
==1607050== 8,224 bytes in 2 blocks are still reachable in loss record 54 of 62
==1607050==    at 0x4848899: malloc (in /usr/libexec/valgrind/vgpreload_memcheck-amd64-linux.so)
==1607050==    by 0x48AABAC: xmalloc (in /usr/lib/x86_64-linux-gnu/libreadline.so.8.1)
==1607050==    by 0x4887251: rl_make_bare_keymap (in /usr/lib/x86_64-linux-gnu/libreadline.so.8.1)
==1607050==    by 0x4887B6A: rl_generic_bind (in /usr/lib/x86_64-linux-gnu/libreadline.so.8.1)
==1607050==    by 0x489275D: rl_bind_keyseq_if_unbound_in_map (in /usr/lib/x86_64-linux-gnu/libreadline.so.8.1)
==1607050==    by 0x48A5E47: ??? (in /usr/lib/x86_64-linux-gnu/libreadline.so.8.1)
==1607050==    by 0x48A6337: _rl_init_terminal_io (in /usr/lib/x86_64-linux-gnu/libreadline.so.8.1)
==1607050==    by 0x4892A0F: rl_initialize (in /usr/lib/x86_64-linux-gnu/libreadline.so.8.1)
==1607050==    by 0x4892CD4: readline (in /usr/lib/x86_64-linux-gnu/libreadline.so.8.1)
==1607050==    by 0x4026A9: read_interactive_input (in /sgoinfre/goinfre/Perso/shutan/minishell/minishell)
==1607050==    by 0x40266C: read_input (in /sgoinfre/goinfre/Perso/shutan/minishell/minishell)
==1607050==    by 0x402900: process_interactive_input (in /sgoinfre/goinfre/Perso/shutan/minishell/minishell)
==1607050== 
==1607050== 8,224 bytes in 2 blocks are still reachable in loss record 55 of 62
==1607050==    at 0x4848899: malloc (in /usr/libexec/valgrind/vgpreload_memcheck-amd64-linux.so)
==1607050==    by 0x48AABAC: xmalloc (in /usr/lib/x86_64-linux-gnu/libreadline.so.8.1)
==1607050==    by 0x4887251: rl_make_bare_keymap (in /usr/lib/x86_64-linux-gnu/libreadline.so.8.1)
==1607050==    by 0x4887B6A: rl_generic_bind (in /usr/lib/x86_64-linux-gnu/libreadline.so.8.1)
==1607050==    by 0x489275D: rl_bind_keyseq_if_unbound_in_map (in /usr/lib/x86_64-linux-gnu/libreadline.so.8.1)
==1607050==    by 0x489293D: ??? (in /usr/lib/x86_64-linux-gnu/libreadline.so.8.1)
==1607050==    by 0x4892A84: rl_initialize (in /usr/lib/x86_64-linux-gnu/libreadline.so.8.1)
==1607050==    by 0x4892CD4: readline (in /usr/lib/x86_64-linux-gnu/libreadline.so.8.1)
==1607050==    by 0x4026A9: read_interactive_input (in /sgoinfre/goinfre/Perso/shutan/minishell/minishell)
==1607050==    by 0x40266C: read_input (in /sgoinfre/goinfre/Perso/shutan/minishell/minishell)
==1607050==    by 0x402900: process_interactive_input (in /sgoinfre/goinfre/Perso/shutan/minishell/minishell)
==1607050==    by 0x4029D2: handle_input_loop (in /sgoinfre/goinfre/Perso/shutan/minishell/minishell)
==1607050== 
==1607050== 8,224 bytes in 2 blocks are still reachable in loss record 56 of 62
==1607050==    at 0x4848899: malloc (in /usr/libexec/valgrind/vgpreload_memcheck-amd64-linux.so)
==1607050==    by 0x48AABAC: xmalloc (in /usr/lib/x86_64-linux-gnu/libreadline.so.8.1)
==1607050==    by 0x4887251: rl_make_bare_keymap (in /usr/lib/x86_64-linux-gnu/libreadline.so.8.1)
==1607050==    by 0x4887B6A: rl_generic_bind (in /usr/lib/x86_64-linux-gnu/libreadline.so.8.1)
==1607050==    by 0x489275D: rl_bind_keyseq_if_unbound_in_map (in /usr/lib/x86_64-linux-gnu/libreadline.so.8.1)
==1607050==    by 0x489293D: ??? (in /usr/lib/x86_64-linux-gnu/libreadline.so.8.1)
==1607050==    by 0x4892A93: rl_initialize (in /usr/lib/x86_64-linux-gnu/libreadline.so.8.1)
==1607050==    by 0x4892CD4: readline (in /usr/lib/x86_64-linux-gnu/libreadline.so.8.1)
==1607050==    by 0x4026A9: read_interactive_input (in /sgoinfre/goinfre/Perso/shutan/minishell/minishell)
==1607050==    by 0x40266C: read_input (in /sgoinfre/goinfre/Perso/shutan/minishell/minishell)
==1607050==    by 0x402900: process_interactive_input (in /sgoinfre/goinfre/Perso/shutan/minishell/minishell)
==1607050==    by 0x4029D2: handle_input_loop (in /sgoinfre/goinfre/Perso/shutan/minishell/minishell)
==1607050== 
==1607050== 8,224 bytes in 2 blocks are still reachable in loss record 57 of 62
==1607050==    at 0x4848899: malloc (in /usr/libexec/valgrind/vgpreload_memcheck-amd64-linux.so)
==1607050==    by 0x48AABAC: xmalloc (in /usr/lib/x86_64-linux-gnu/libreadline.so.8.1)
==1607050==    by 0x4887251: rl_make_bare_keymap (in /usr/lib/x86_64-linux-gnu/libreadline.so.8.1)
==1607050==    by 0x4887B6A: rl_generic_bind (in /usr/lib/x86_64-linux-gnu/libreadline.so.8.1)
==1607050==    by 0x489275D: rl_bind_keyseq_if_unbound_in_map (in /usr/lib/x86_64-linux-gnu/libreadline.so.8.1)
==1607050==    by 0x489293D: ??? (in /usr/lib/x86_64-linux-gnu/libreadline.so.8.1)
==1607050==    by 0x4892AB8: rl_initialize (in /usr/lib/x86_64-linux-gnu/libreadline.so.8.1)
==1607050==    by 0x4892CD4: readline (in /usr/lib/x86_64-linux-gnu/libreadline.so.8.1)
==1607050==    by 0x4026A9: read_interactive_input (in /sgoinfre/goinfre/Perso/shutan/minishell/minishell)
==1607050==    by 0x40266C: read_input (in /sgoinfre/goinfre/Perso/shutan/minishell/minishell)
==1607050==    by 0x402900: process_interactive_input (in /sgoinfre/goinfre/Perso/shutan/minishell/minishell)
==1607050==    by 0x4029D2: handle_input_loop (in /sgoinfre/goinfre/Perso/shutan/minishell/minishell)
==1607050== 
==1607050== 8,224 bytes in 2 blocks are still reachable in loss record 58 of 62
==1607050==    at 0x4848899: malloc (in /usr/libexec/valgrind/vgpreload_memcheck-amd64-linux.so)
==1607050==    by 0x48AABAC: xmalloc (in /usr/lib/x86_64-linux-gnu/libreadline.so.8.1)
==1607050==    by 0x4887251: rl_make_bare_keymap (in /usr/lib/x86_64-linux-gnu/libreadline.so.8.1)
==1607050==    by 0x4887B6A: rl_generic_bind (in /usr/lib/x86_64-linux-gnu/libreadline.so.8.1)
==1607050==    by 0x489275D: rl_bind_keyseq_if_unbound_in_map (in /usr/lib/x86_64-linux-gnu/libreadline.so.8.1)
==1607050==    by 0x4892AD2: rl_initialize (in /usr/lib/x86_64-linux-gnu/libreadline.so.8.1)
==1607050==    by 0x4892CD4: readline (in /usr/lib/x86_64-linux-gnu/libreadline.so.8.1)
==1607050==    by 0x4026A9: read_interactive_input (in /sgoinfre/goinfre/Perso/shutan/minishell/minishell)
==1607050==    by 0x40266C: read_input (in /sgoinfre/goinfre/Perso/shutan/minishell/minishell)
==1607050==    by 0x402900: process_interactive_input (in /sgoinfre/goinfre/Perso/shutan/minishell/minishell)
==1607050==    by 0x4029D2: handle_input_loop (in /sgoinfre/goinfre/Perso/shutan/minishell/minishell)
==1607050==    by 0x402400: main (in /sgoinfre/goinfre/Perso/shutan/minishell/minishell)
==1607050== 
==1607050== 8,224 bytes in 2 blocks are still reachable in loss record 59 of 62
==1607050==    at 0x4848899: malloc (in /usr/libexec/valgrind/vgpreload_memcheck-amd64-linux.so)
==1607050==    by 0x48AABAC: xmalloc (in /usr/lib/x86_64-linux-gnu/libreadline.so.8.1)
==1607050==    by 0x4887251: rl_make_bare_keymap (in /usr/lib/x86_64-linux-gnu/libreadline.so.8.1)
==1607050==    by 0x4887B6A: rl_generic_bind (in /usr/lib/x86_64-linux-gnu/libreadline.so.8.1)
==1607050==    by 0x489275D: rl_bind_keyseq_if_unbound_in_map (in /usr/lib/x86_64-linux-gnu/libreadline.so.8.1)
==1607050==    by 0x4892AE1: rl_initialize (in /usr/lib/x86_64-linux-gnu/libreadline.so.8.1)
==1607050==    by 0x4892CD4: readline (in /usr/lib/x86_64-linux-gnu/libreadline.so.8.1)
==1607050==    by 0x4026A9: read_interactive_input (in /sgoinfre/goinfre/Perso/shutan/minishell/minishell)
==1607050==    by 0x40266C: read_input (in /sgoinfre/goinfre/Perso/shutan/minishell/minishell)
==1607050==    by 0x402900: process_interactive_input (in /sgoinfre/goinfre/Perso/shutan/minishell/minishell)
==1607050==    by 0x4029D2: handle_input_loop (in /sgoinfre/goinfre/Perso/shutan/minishell/minishell)
==1607050==    by 0x402400: main (in /sgoinfre/goinfre/Perso/shutan/minishell/minishell)
==1607050== 
==1607050== 12,336 bytes in 3 blocks are still reachable in loss record 60 of 62
==1607050==    at 0x4848899: malloc (in /usr/libexec/valgrind/vgpreload_memcheck-amd64-linux.so)
==1607050==    by 0x48AABAC: xmalloc (in /usr/lib/x86_64-linux-gnu/libreadline.so.8.1)
==1607050==    by 0x4887251: rl_make_bare_keymap (in /usr/lib/x86_64-linux-gnu/libreadline.so.8.1)
==1607050==    by 0x4887B6A: rl_generic_bind (in /usr/lib/x86_64-linux-gnu/libreadline.so.8.1)
==1607050==    by 0x489275D: rl_bind_keyseq_if_unbound_in_map (in /usr/lib/x86_64-linux-gnu/libreadline.so.8.1)
==1607050==    by 0x4892914: ??? (in /usr/lib/x86_64-linux-gnu/libreadline.so.8.1)
==1607050==    by 0x4892A93: rl_initialize (in /usr/lib/x86_64-linux-gnu/libreadline.so.8.1)
==1607050==    by 0x4892CD4: readline (in /usr/lib/x86_64-linux-gnu/libreadline.so.8.1)
==1607050==    by 0x4026A9: read_interactive_input (in /sgoinfre/goinfre/Perso/shutan/minishell/minishell)
==1607050==    by 0x40266C: read_input (in /sgoinfre/goinfre/Perso/shutan/minishell/minishell)
==1607050==    by 0x402900: process_interactive_input (in /sgoinfre/goinfre/Perso/shutan/minishell/minishell)
==1607050==    by 0x4029D2: handle_input_loop (in /sgoinfre/goinfre/Perso/shutan/minishell/minishell)
==1607050== 
==1607050== 12,336 bytes in 3 blocks are still reachable in loss record 61 of 62
==1607050==    at 0x4848899: malloc (in /usr/libexec/valgrind/vgpreload_memcheck-amd64-linux.so)
==1607050==    by 0x48AABAC: xmalloc (in /usr/lib/x86_64-linux-gnu/libreadline.so.8.1)
==1607050==    by 0x4887251: rl_make_bare_keymap (in /usr/lib/x86_64-linux-gnu/libreadline.so.8.1)
==1607050==    by 0x4887B6A: rl_generic_bind (in /usr/lib/x86_64-linux-gnu/libreadline.so.8.1)
==1607050==    by 0x489275D: rl_bind_keyseq_if_unbound_in_map (in /usr/lib/x86_64-linux-gnu/libreadline.so.8.1)
==1607050==    by 0x4892914: ??? (in /usr/lib/x86_64-linux-gnu/libreadline.so.8.1)
==1607050==    by 0x4892AB8: rl_initialize (in /usr/lib/x86_64-linux-gnu/libreadline.so.8.1)
==1607050==    by 0x4892CD4: readline (in /usr/lib/x86_64-linux-gnu/libreadline.so.8.1)
==1607050==    by 0x4026A9: read_interactive_input (in /sgoinfre/goinfre/Perso/shutan/minishell/minishell)
==1607050==    by 0x40266C: read_input (in /sgoinfre/goinfre/Perso/shutan/minishell/minishell)
==1607050==    by 0x402900: process_interactive_input (in /sgoinfre/goinfre/Perso/shutan/minishell/minishell)
==1607050==    by 0x4029D2: handle_input_loop (in /sgoinfre/goinfre/Perso/shutan/minishell/minishell)
==1607050== 
==1607050== 28,784 bytes in 7 blocks are still reachable in loss record 62 of 62
==1607050==    at 0x4848899: malloc (in /usr/libexec/valgrind/vgpreload_memcheck-amd64-linux.so)
==1607050==    by 0x48AABAC: xmalloc (in /usr/lib/x86_64-linux-gnu/libreadline.so.8.1)
==1607050==    by 0x4887251: rl_make_bare_keymap (in /usr/lib/x86_64-linux-gnu/libreadline.so.8.1)
==1607050==    by 0x4887B6A: rl_generic_bind (in /usr/lib/x86_64-linux-gnu/libreadline.so.8.1)
==1607050==    by 0x489899E: rl_parse_and_bind (in /usr/lib/x86_64-linux-gnu/libreadline.so.8.1)
==1607050==    by 0x4898B6C: ??? (in /usr/lib/x86_64-linux-gnu/libreadline.so.8.1)
==1607050==    by 0x4892A38: rl_initialize (in /usr/lib/x86_64-linux-gnu/libreadline.so.8.1)
==1607050==    by 0x4892CD4: readline (in /usr/lib/x86_64-linux-gnu/libreadline.so.8.1)
==1607050==    by 0x4026A9: read_interactive_input (in /sgoinfre/goinfre/Perso/shutan/minishell/minishell)
==1607050==    by 0x40266C: read_input (in /sgoinfre/goinfre/Perso/shutan/minishell/minishell)
==1607050==    by 0x402900: process_interactive_input (in /sgoinfre/goinfre/Perso/shutan/minishell/minishell)
==1607050==    by 0x4029D2: handle_input_loop (in /sgoinfre/goinfre/Perso/shutan/minishell/minishell)
==1607050== 
==1607050== LEAK SUMMARY:
==1607050==    definitely lost: 0 bytes in 0 blocks
==1607050==    indirectly lost: 0 bytes in 0 blocks
==1607050==      possibly lost: 0 bytes in 0 blocks
==1607050==    still reachable: 204,159 bytes in 221 blocks
==1607050==         suppressed: 0 bytes in 0 blocks
==1607050== 
==1607050== ERROR SUMMARY: 0 errors from 0 contexts (suppressed: 0 from 0)
